CRITICAL - 2024-01-23 04:06:55 --> The framework needs the following extension(s) installed and loaded: intl.
#0 C:\xampp\htdocs\Galeri-foto\system\CodeIgniter.php(219): CodeIgniter\Exceptions\FrameworkException::forMissingExtension('intl')
#1 C:\xampp\htdocs\Galeri-foto\system\CodeIgniter.php(177): CodeIgniter\CodeIgniter->resolvePlatformExtensions()
#2 C:\xampp\htdocs\Galeri-foto\system\bootstrap.php(146): CodeIgniter\CodeIgniter->initialize()
#3 C:\xampp\htdocs\Galeri-foto\spark(45): require('C:\\xampp\\htdocs...')
#4 {main}
ERROR - 2024-01-23 10:08:24 --> Error connecting to the database: Unknown database 'galeri_foto'
CRITICAL - 2024-01-23 10:08:24 --> Unable to connect to the database.
Main connection [MySQLi]: Unknown database 'galeri_foto'
#0 C:\xampp\htdocs\Galeri-foto\system\Database\BaseConnection.php(577): CodeIgniter\Database\BaseConnection->initialize()
#1 C:\xampp\htdocs\Galeri-foto\system\Database\BaseBuilder.php(1455): CodeIgniter\Database\BaseConnection->query('SELECT `favicon...', Array, false)
#2 C:\xampp\htdocs\Galeri-foto\app\Views\photofolio\partial\header.php(18): CodeIgniter\Database\BaseBuilder->get()
#3 C:\xampp\htdocs\Galeri-foto\system\View\View.php(210): include('C:\\xampp\\htdocs...')
#4 C:\xampp\htdocs\Galeri-foto\system\View\View.php(213): CodeIgniter\View\View->CodeIgniter\View\{closure}()
#5 C:\xampp\htdocs\Galeri-foto\system\Common.php(1089): CodeIgniter\View\View->render('photofolio/part...', Array, true)
#6 C:\xampp\htdocs\Galeri-foto\app\Controllers\Dashboard.php(11): view('photofolio/part...', Array)
#7 C:\xampp\htdocs\Galeri-foto\system\CodeIgniter.php(832): App\Controllers\Dashboard->index()
#8 C:\xampp\htdocs\Galeri-foto\system\CodeIgniter.php(419): CodeIgniter\CodeIgniter->runController(Object(App\Controllers\Dashboard))
#9 C:\xampp\htdocs\Galeri-foto\system\CodeIgniter.php(326): CodeIgniter\CodeIgniter->handleRequest(NULL, Object(Config\Cache), false)
#10 C:\xampp\htdocs\Galeri-foto\public\index.php(37): CodeIgniter\CodeIgniter->run()
#11 C:\xampp\htdocs\Galeri-foto\system\Commands\Server\rewrite.php(43): require_once('C:\\xampp\\htdocs...')
#12 {main}
CRITICAL - 2024-01-23 10:35:41 --> Argument 2 passed to view() must be of the type array, null given, called in C:\xampp\htdocs\Galeri-foto\app\Controllers\Galeri.php on line 21
#0 C:\xampp\htdocs\Galeri-foto\app\Controllers\Galeri.php(21): view('mazer/partial/h...', NULL)
#1 C:\xampp\htdocs\Galeri-foto\system\CodeIgniter.php(832): App\Controllers\Galeri->add_gambar()
#2 C:\xampp\htdocs\Galeri-foto\system\CodeIgniter.php(419): CodeIgniter\CodeIgniter->runController(Object(App\Controllers\Galeri))
#3 C:\xampp\htdocs\Galeri-foto\system\CodeIgniter.php(326): CodeIgniter\CodeIgniter->handleRequest(NULL, Object(Config\Cache), false)
#4 C:\xampp\htdocs\Galeri-foto\public\index.php(37): CodeIgniter\CodeIgniter->run()
#5 C:\xampp\htdocs\Galeri-foto\system\Commands\Server\rewrite.php(43): require_once('C:\\xampp\\htdocs...')
#6 {main}
CRITICAL - 2024-01-23 10:37:07 --> Argument 2 passed to view() must be of the type array, null given, called in C:\xampp\htdocs\Galeri-foto\app\Controllers\Galeri.php on line 21
#0 C:\xampp\htdocs\Galeri-foto\app\Controllers\Galeri.php(21): view('mazer/partial/h...', NULL)
#1 C:\xampp\htdocs\Galeri-foto\system\CodeIgniter.php(832): App\Controllers\Galeri->add_gambar()
#2 C:\xampp\htdocs\Galeri-foto\system\CodeIgniter.php(419): CodeIgniter\CodeIgniter->runController(Object(App\Controllers\Galeri))
#3 C:\xampp\htdocs\Galeri-foto\system\CodeIgniter.php(326): CodeIgniter\CodeIgniter->handleRequest(NULL, Object(Config\Cache), false)
#4 C:\xampp\htdocs\Galeri-foto\public\index.php(37): CodeIgniter\CodeIgniter->run()
#5 C:\xampp\htdocs\Galeri-foto\system\Commands\Server\rewrite.php(43): require_once('C:\\xampp\\htdocs...')
#6 {main}
CRITICAL - 2024-01-23 10:37:27 --> Invalid file: mazer/partial/header.php
#0 C:\xampp\htdocs\Galeri-foto\system\View\View.php(198): CodeIgniter\Exceptions\FrameworkException::forInvalidFile('mazer/partial/h...')
#1 C:\xampp\htdocs\Galeri-foto\system\Common.php(1089): CodeIgniter\View\View->render('mazer/partial/h...', Array, true)
#2 C:\xampp\htdocs\Galeri-foto\app\Controllers\Galeri.php(23): view('mazer/partial/h...', Array)
#3 C:\xampp\htdocs\Galeri-foto\system\CodeIgniter.php(832): App\Controllers\Galeri->add_gambar()
#4 C:\xampp\htdocs\Galeri-foto\system\CodeIgniter.php(419): CodeIgniter\CodeIgniter->runController(Object(App\Controllers\Galeri))
#5 C:\xampp\htdocs\Galeri-foto\system\CodeIgniter.php(326): CodeIgniter\CodeIgniter->handleRequest(NULL, Object(Config\Cache), false)
#6 C:\xampp\htdocs\Galeri-foto\public\index.php(37): CodeIgniter\CodeIgniter->run()
#7 C:\xampp\htdocs\Galeri-foto\system\Commands\Server\rewrite.php(43): require_once('C:\\xampp\\htdocs...')
#8 {main}
ERROR - 2024-01-23 10:40:27 --> Table 'galeri_foto.siswa' doesn't exist
CRITICAL - 2024-01-23 10:40:27 --> Call to a member function getRow() on bool
#0 C:\xampp\htdocs\Galeri-foto\system\View\View.php(210): include()
#1 C:\xampp\htdocs\Galeri-foto\system\View\View.php(213): CodeIgniter\View\View->CodeIgniter\View\{closure}()
#2 C:\xampp\htdocs\Galeri-foto\system\Common.php(1089): CodeIgniter\View\View->render('mazer/partial/t...', Array, true)
#3 C:\xampp\htdocs\Galeri-foto\app\Controllers\Galeri.php(24): view('mazer/partial/t...')
#4 C:\xampp\htdocs\Galeri-foto\system\CodeIgniter.php(832): App\Controllers\Galeri->add_gambar()
#5 C:\xampp\htdocs\Galeri-foto\system\CodeIgniter.php(419): CodeIgniter\CodeIgniter->runController(Object(App\Controllers\Galeri))
#6 C:\xampp\htdocs\Galeri-foto\system\CodeIgniter.php(326): CodeIgniter\CodeIgniter->handleRequest(NULL, Object(Config\Cache), false)
#7 C:\xampp\htdocs\Galeri-foto\public\index.php(37): CodeIgniter\CodeIgniter->run()
#8 C:\xampp\htdocs\Galeri-foto\system\Commands\Server\rewrite.php(43): require_once('C:\\xampp\\htdocs...')
#9 {main}
CRITICAL - 2024-01-23 10:40:48 --> Invalid file: mazer/partial/top_menu.php
#0 C:\xampp\htdocs\Galeri-foto\system\View\View.php(198): CodeIgniter\Exceptions\FrameworkException::forInvalidFile('mazer/partial/t...')
#1 C:\xampp\htdocs\Galeri-foto\system\Common.php(1089): CodeIgniter\View\View->render('mazer/partial/t...', Array, true)
#2 C:\xampp\htdocs\Galeri-foto\app\Controllers\Galeri.php(24): view('mazer/partial/t...')
#3 C:\xampp\htdocs\Galeri-foto\system\CodeIgniter.php(832): App\Controllers\Galeri->add_gambar()
#4 C:\xampp\htdocs\Galeri-foto\system\CodeIgniter.php(419): CodeIgniter\CodeIgniter->runController(Object(App\Controllers\Galeri))
#5 C:\xampp\htdocs\Galeri-foto\system\CodeIgniter.php(326): CodeIgniter\CodeIgniter->handleRequest(NULL, Object(Config\Cache), false)
#6 C:\xampp\htdocs\Galeri-foto\public\index.php(37): CodeIgniter\CodeIgniter->run()
#7 C:\xampp\htdocs\Galeri-foto\system\Commands\Server\rewrite.php(43): require_once('C:\\xampp\\htdocs...')
#8 {main}
CRITICAL - 2024-01-23 11:07:24 --> Invalid argument supplied for foreach()
#0 C:\xampp\htdocs\Galeri-foto\app\Views\mazer\gambar\create.php(47): CodeIgniter\Debug\Exceptions->errorHandler(2, 'Invalid argumen...', 'C:\\xampp\\htdocs...', 47, Array)
#1 C:\xampp\htdocs\Galeri-foto\system\View\View.php(210): include('C:\\xampp\\htdocs...')
#2 C:\xampp\htdocs\Galeri-foto\system\View\View.php(213): CodeIgniter\View\View->CodeIgniter\View\{closure}()
#3 C:\xampp\htdocs\Galeri-foto\system\Common.php(1089): CodeIgniter\View\View->render('mazer/gambar/cr...', Array, true)
#4 C:\xampp\htdocs\Galeri-foto\app\Controllers\Galeri.php(25): view('mazer/gambar/cr...')
#5 C:\xampp\htdocs\Galeri-foto\system\CodeIgniter.php(832): App\Controllers\Galeri->tambah_gambar()
#6 C:\xampp\htdocs\Galeri-foto\system\CodeIgniter.php(419): CodeIgniter\CodeIgniter->runController(Object(App\Controllers\Galeri))
#7 C:\xampp\htdocs\Galeri-foto\system\CodeIgniter.php(326): CodeIgniter\CodeIgniter->handleRequest(NULL, Object(Config\Cache), false)
#8 C:\xampp\htdocs\Galeri-foto\public\index.php(37): CodeIgniter\CodeIgniter->run()
#9 C:\xampp\htdocs\Galeri-foto\system\Commands\Server\rewrite.php(43): require_once('C:\\xampp\\htdocs...')
#10 {main}
CRITICAL - 2024-01-23 11:07:24 --> Invalid argument supplied for foreach()
#0 C:\xampp\htdocs\Galeri-foto\app\Views\mazer\gambar\create.php(47): CodeIgniter\Debug\Exceptions->errorHandler(2, 'Invalid argumen...', 'C:\\xampp\\htdocs...', 47, Array)
#1 C:\xampp\htdocs\Galeri-foto\system\View\View.php(210): include('C:\\xampp\\htdocs...')
#2 C:\xampp\htdocs\Galeri-foto\system\View\View.php(213): CodeIgniter\View\View->CodeIgniter\View\{closure}()
#3 C:\xampp\htdocs\Galeri-foto\system\Common.php(1089): CodeIgniter\View\View->render('mazer/gambar/cr...', Array, true)
#4 C:\xampp\htdocs\Galeri-foto\app\Controllers\Galeri.php(25): view('mazer/gambar/cr...')
#5 C:\xampp\htdocs\Galeri-foto\system\CodeIgniter.php(832): App\Controllers\Galeri->tambah_gambar()
#6 C:\xampp\htdocs\Galeri-foto\system\CodeIgniter.php(419): CodeIgniter\CodeIgniter->runController(Object(App\Controllers\Galeri))
#7 C:\xampp\htdocs\Galeri-foto\system\CodeIgniter.php(326): CodeIgniter\CodeIgniter->handleRequest(NULL, Object(Config\Cache), false)
#8 C:\xampp\htdocs\Galeri-foto\public\index.php(37): CodeIgniter\CodeIgniter->run()
#9 C:\xampp\htdocs\Galeri-foto\system\Commands\Server\rewrite.php(43): require_once('C:\\xampp\\htdocs...')
#10 {main}
CRITICAL - 2024-01-23 11:07:24 --> Invalid argument supplied for foreach()
#0 C:\xampp\htdocs\Galeri-foto\app\Views\mazer\gambar\create.php(47): CodeIgniter\Debug\Exceptions->errorHandler(2, 'Invalid argumen...', 'C:\\xampp\\htdocs...', 47, Array)
#1 C:\xampp\htdocs\Galeri-foto\system\View\View.php(210): include('C:\\xampp\\htdocs...')
#2 C:\xampp\htdocs\Galeri-foto\system\View\View.php(213): CodeIgniter\View\View->CodeIgniter\View\{closure}()
#3 C:\xampp\htdocs\Galeri-foto\system\Common.php(1089): CodeIgniter\View\View->render('mazer/gambar/cr...', Array, true)
#4 C:\xampp\htdocs\Galeri-foto\app\Controllers\Galeri.php(25): view('mazer/gambar/cr...')
#5 C:\xampp\htdocs\Galeri-foto\system\CodeIgniter.php(832): App\Controllers\Galeri->tambah_gambar()
#6 C:\xampp\htdocs\Galeri-foto\system\CodeIgniter.php(419): CodeIgniter\CodeIgniter->runController(Object(App\Controllers\Galeri))
#7 C:\xampp\htdocs\Galeri-foto\system\CodeIgniter.php(326): CodeIgniter\CodeIgniter->handleRequest(NULL, Object(Config\Cache), false)
#8 C:\xampp\htdocs\Galeri-foto\public\index.php(37): CodeIgniter\CodeIgniter->run()
#9 C:\xampp\htdocs\Galeri-foto\system\Commands\Server\rewrite.php(43): require_once('C:\\xampp\\htdocs...')
#10 {main}
CRITICAL - 2024-01-23 11:13:21 --> Call to a member function tampil() on null
#0 C:\xampp\htdocs\Galeri-foto\system\CodeIgniter.php(832): App\Controllers\Galeri->tambah_gambar()
#1 C:\xampp\htdocs\Galeri-foto\system\CodeIgniter.php(419): CodeIgniter\CodeIgniter->runController(Object(App\Controllers\Galeri))
#2 C:\xampp\htdocs\Galeri-foto\system\CodeIgniter.php(326): CodeIgniter\CodeIgniter->handleRequest(NULL, Object(Config\Cache), false)
#3 C:\xampp\htdocs\Galeri-foto\public\index.php(37): CodeIgniter\CodeIgniter->run()
#4 C:\xampp\htdocs\Galeri-foto\system\Commands\Server\rewrite.php(43): require_once('C:\\xampp\\htdocs...')
#5 {main}
CRITICAL - 2024-01-23 11:13:22 --> Call to a member function tampil() on null
#0 C:\xampp\htdocs\Galeri-foto\system\CodeIgniter.php(832): App\Controllers\Galeri->tambah_gambar()
#1 C:\xampp\htdocs\Galeri-foto\system\CodeIgniter.php(419): CodeIgniter\CodeIgniter->runController(Object(App\Controllers\Galeri))
#2 C:\xampp\htdocs\Galeri-foto\system\CodeIgniter.php(326): CodeIgniter\CodeIgniter->handleRequest(NULL, Object(Config\Cache), false)
#3 C:\xampp\htdocs\Galeri-foto\public\index.php(37): CodeIgniter\CodeIgniter->run()
#4 C:\xampp\htdocs\Galeri-foto\system\Commands\Server\rewrite.php(43): require_once('C:\\xampp\\htdocs...')
#5 {main}
CRITICAL - 2024-01-23 11:13:22 --> Call to a member function tampil() on null
#0 C:\xampp\htdocs\Galeri-foto\system\CodeIgniter.php(832): App\Controllers\Galeri->tambah_gambar()
#1 C:\xampp\htdocs\Galeri-foto\system\CodeIgniter.php(419): CodeIgniter\CodeIgniter->runController(Object(App\Controllers\Galeri))
#2 C:\xampp\htdocs\Galeri-foto\system\CodeIgniter.php(326): CodeIgniter\CodeIgniter->handleRequest(NULL, Object(Config\Cache), false)
#3 C:\xampp\htdocs\Galeri-foto\public\index.php(37): CodeIgniter\CodeIgniter->run()
#4 C:\xampp\htdocs\Galeri-foto\system\Commands\Server\rewrite.php(43): require_once('C:\\xampp\\htdocs...')
#5 {main}
CRITICAL - 2024-01-23 11:13:27 --> Call to a member function tampil() on null
#0 C:\xampp\htdocs\Galeri-foto\system\CodeIgniter.php(832): App\Controllers\Galeri->tambah_gambar()
#1 C:\xampp\htdocs\Galeri-foto\system\CodeIgniter.php(419): CodeIgniter\CodeIgniter->runController(Object(App\Controllers\Galeri))
#2 C:\xampp\htdocs\Galeri-foto\system\CodeIgniter.php(326): CodeIgniter\CodeIgniter->handleRequest(NULL, Object(Config\Cache), false)
#3 C:\xampp\htdocs\Galeri-foto\public\index.php(37): CodeIgniter\CodeIgniter->run()
#4 C:\xampp\htdocs\Galeri-foto\system\Commands\Server\rewrite.php(43): require_once('C:\\xampp\\htdocs...')
#5 {main}
CRITICAL - 2024-01-23 11:28:54 --> syntax error, unexpected 'public' (T_PUBLIC)
#0 C:\xampp\htdocs\Galeri-foto\system\Router\Router.php(175): CodeIgniter\Router\Router->autoRoute('galeri/tambah_g...')
#1 C:\xampp\htdocs\Galeri-foto\system\CodeIgniter.php(726): CodeIgniter\Router\Router->handle('galeri/tambah_g...')
#2 C:\xampp\htdocs\Galeri-foto\system\CodeIgniter.php(368): CodeIgniter\CodeIgniter->tryToRouteIt(Object(CodeIgniter\Router\RouteCollection))
#3 C:\xampp\htdocs\Galeri-foto\system\CodeIgniter.php(326): CodeIgniter\CodeIgniter->handleRequest(NULL, Object(Config\Cache), false)
#4 C:\xampp\htdocs\Galeri-foto\public\index.php(37): CodeIgniter\CodeIgniter->run()
#5 C:\xampp\htdocs\Galeri-foto\system\Commands\Server\rewrite.php(43): require_once('C:\\xampp\\htdocs...')
#6 {main}
CRITICAL - 2024-01-23 11:29:25 --> syntax error, unexpected 'public' (T_PUBLIC)
#0 C:\xampp\htdocs\Galeri-foto\system\Router\Router.php(175): CodeIgniter\Router\Router->autoRoute('galeri/tambah_g...')
#1 C:\xampp\htdocs\Galeri-foto\system\CodeIgniter.php(726): CodeIgniter\Router\Router->handle('galeri/tambah_g...')
#2 C:\xampp\htdocs\Galeri-foto\system\CodeIgniter.php(368): CodeIgniter\CodeIgniter->tryToRouteIt(Object(CodeIgniter\Router\RouteCollection))
#3 C:\xampp\htdocs\Galeri-foto\system\CodeIgniter.php(326): CodeIgniter\CodeIgniter->handleRequest(NULL, Object(Config\Cache), false)
#4 C:\xampp\htdocs\Galeri-foto\public\index.php(37): CodeIgniter\CodeIgniter->run()
#5 C:\xampp\htdocs\Galeri-foto\system\Commands\Server\rewrite.php(43): require_once('C:\\xampp\\htdocs...')
#6 {main}
CRITICAL - 2024-01-23 11:29:27 --> syntax error, unexpected 'public' (T_PUBLIC)
#0 C:\xampp\htdocs\Galeri-foto\system\Router\Router.php(175): CodeIgniter\Router\Router->autoRoute('galeri/tambah_g...')
#1 C:\xampp\htdocs\Galeri-foto\system\CodeIgniter.php(726): CodeIgniter\Router\Router->handle('galeri/tambah_g...')
#2 C:\xampp\htdocs\Galeri-foto\system\CodeIgniter.php(368): CodeIgniter\CodeIgniter->tryToRouteIt(Object(CodeIgniter\Router\RouteCollection))
#3 C:\xampp\htdocs\Galeri-foto\system\CodeIgniter.php(326): CodeIgniter\CodeIgniter->handleRequest(NULL, Object(Config\Cache), false)
#4 C:\xampp\htdocs\Galeri-foto\public\index.php(37): CodeIgniter\CodeIgniter->run()
#5 C:\xampp\htdocs\Galeri-foto\system\Commands\Server\rewrite.php(43): require_once('C:\\xampp\\htdocs...')
#6 {main}
CRITICAL - 2024-01-23 11:29:36 --> syntax error, unexpected '}', expecting end of file
#0 C:\xampp\htdocs\Galeri-foto\system\Router\Router.php(175): CodeIgniter\Router\Router->autoRoute('galeri/tambah_g...')
#1 C:\xampp\htdocs\Galeri-foto\system\CodeIgniter.php(726): CodeIgniter\Router\Router->handle('galeri/tambah_g...')
#2 C:\xampp\htdocs\Galeri-foto\system\CodeIgniter.php(368): CodeIgniter\CodeIgniter->tryToRouteIt(Object(CodeIgniter\Router\RouteCollection))
#3 C:\xampp\htdocs\Galeri-foto\system\CodeIgniter.php(326): CodeIgniter\CodeIgniter->handleRequest(NULL, Object(Config\Cache), false)
#4 C:\xampp\htdocs\Galeri-foto\public\index.php(37): CodeIgniter\CodeIgniter->run()
#5 C:\xampp\htdocs\Galeri-foto\system\Commands\Server\rewrite.php(43): require_once('C:\\xampp\\htdocs...')
#6 {main}
CRITICAL - 2024-01-23 11:48:03 --> Call to a member function tampil() on null
#0 C:\xampp\htdocs\Galeri-foto\system\CodeIgniter.php(832): App\Controllers\Galeri->index()
#1 C:\xampp\htdocs\Galeri-foto\system\CodeIgniter.php(419): CodeIgniter\CodeIgniter->runController(Object(App\Controllers\Galeri))
#2 C:\xampp\htdocs\Galeri-foto\system\CodeIgniter.php(326): CodeIgniter\CodeIgniter->handleRequest(NULL, Object(Config\Cache), false)
#3 C:\xampp\htdocs\Galeri-foto\public\index.php(37): CodeIgniter\CodeIgniter->run()
#4 C:\xampp\htdocs\Galeri-foto\system\Commands\Server\rewrite.php(43): require_once('C:\\xampp\\htdocs...')
#5 {main}
CRITICAL - 2024-01-23 11:48:14 --> Cannot use object of type stdClass as array
#0 C:\xampp\htdocs\Galeri-foto\system\View\View.php(210): include()
#1 C:\xampp\htdocs\Galeri-foto\system\View\View.php(213): CodeIgniter\View\View->CodeIgniter\View\{closure}()
#2 C:\xampp\htdocs\Galeri-foto\system\Common.php(1089): CodeIgniter\View\View->render('photofolio/gale...', Array, true)
#3 C:\xampp\htdocs\Galeri-foto\app\Controllers\Galeri.php(17): view('photofolio/gale...', Array)
#4 C:\xampp\htdocs\Galeri-foto\system\CodeIgniter.php(832): App\Controllers\Galeri->index()
#5 C:\xampp\htdocs\Galeri-foto\system\CodeIgniter.php(419): CodeIgniter\CodeIgniter->runController(Object(App\Controllers\Galeri))
#6 C:\xampp\htdocs\Galeri-foto\system\CodeIgniter.php(326): CodeIgniter\CodeIgniter->handleRequest(NULL, Object(Config\Cache), false)
#7 C:\xampp\htdocs\Galeri-foto\public\index.php(37): CodeIgniter\CodeIgniter->run()
#8 C:\xampp\htdocs\Galeri-foto\system\Commands\Server\rewrite.php(43): require_once('C:\\xampp\\htdocs...')
#9 {main}
ERROR - 2024-01-23 16:07:14 --> Error connecting to the database: No connection could be made because the target machine actively refused it.

CRITICAL - 2024-01-23 16:07:14 --> Unable to connect to the database.
Main connection [MySQLi]: No connection could be made because the target machine actively refused it.

#0 C:\xampp\htdocs\Galeri-foto\system\Database\BaseConnection.php(577): CodeIgniter\Database\BaseConnection->initialize()
#1 C:\xampp\htdocs\Galeri-foto\system\Database\BaseBuilder.php(1455): CodeIgniter\Database\BaseConnection->query('SELECT `favicon...', Array, false)
#2 C:\xampp\htdocs\Galeri-foto\app\Views\photofolio\partial\header.php(18): CodeIgniter\Database\BaseBuilder->get()
#3 C:\xampp\htdocs\Galeri-foto\system\View\View.php(210): include('C:\\xampp\\htdocs...')
#4 C:\xampp\htdocs\Galeri-foto\system\View\View.php(213): CodeIgniter\View\View->CodeIgniter\View\{closure}()
#5 C:\xampp\htdocs\Galeri-foto\system\Common.php(1089): CodeIgniter\View\View->render('photofolio/part...', Array, true)
#6 C:\xampp\htdocs\Galeri-foto\app\Controllers\Dashboard.php(11): view('photofolio/part...', Array)
#7 C:\xampp\htdocs\Galeri-foto\system\CodeIgniter.php(832): App\Controllers\Dashboard->index()
#8 C:\xampp\htdocs\Galeri-foto\system\CodeIgniter.php(419): CodeIgniter\CodeIgniter->runController(Object(App\Controllers\Dashboard))
#9 C:\xampp\htdocs\Galeri-foto\system\CodeIgniter.php(326): CodeIgniter\CodeIgniter->handleRequest(NULL, Object(Config\Cache), false)
#10 C:\xampp\htdocs\Galeri-foto\public\index.php(37): CodeIgniter\CodeIgniter->run()
#11 C:\xampp\htdocs\Galeri-foto\system\Commands\Server\rewrite.php(43): require_once('C:\\xampp\\htdocs...')
#12 {main}
CRITICAL - 2024-01-23 18:01:48 --> Too few arguments to function App\Controllers\Galeri::detail_gambar(), 0 passed in C:\xampp\htdocs\Galeri-foto\system\CodeIgniter.php on line 832 and exactly 1 expected
#0 C:\xampp\htdocs\Galeri-foto\system\CodeIgniter.php(832): App\Controllers\Galeri->detail_gambar()
#1 C:\xampp\htdocs\Galeri-foto\system\CodeIgniter.php(419): CodeIgniter\CodeIgniter->runController(Object(App\Controllers\Galeri))
#2 C:\xampp\htdocs\Galeri-foto\system\CodeIgniter.php(326): CodeIgniter\CodeIgniter->handleRequest(NULL, Object(Config\Cache), false)
#3 C:\xampp\htdocs\Galeri-foto\public\index.php(37): CodeIgniter\CodeIgniter->run()
#4 C:\xampp\htdocs\Galeri-foto\system\Commands\Server\rewrite.php(43): require_once('C:\\xampp\\htdocs...')
#5 {main}
CRITICAL - 2024-01-23 18:04:56 --> Invalid file: mazer/album/create.php
#0 C:\xampp\htdocs\Galeri-foto\system\View\View.php(198): CodeIgniter\Exceptions\FrameworkException::forInvalidFile('mazer/album/cre...')
#1 C:\xampp\htdocs\Galeri-foto\system\Common.php(1089): CodeIgniter\View\View->render('mazer/album/cre...', Array, true)
#2 C:\xampp\htdocs\Galeri-foto\app\Controllers\Album.php(39): view('mazer/album/cre...', Array)
#3 C:\xampp\htdocs\Galeri-foto\system\CodeIgniter.php(832): App\Controllers\Album->tambah_album()
#4 C:\xampp\htdocs\Galeri-foto\system\CodeIgniter.php(419): CodeIgniter\CodeIgniter->runController(Object(App\Controllers\Album))
#5 C:\xampp\htdocs\Galeri-foto\system\CodeIgniter.php(326): CodeIgniter\CodeIgniter->handleRequest(NULL, Object(Config\Cache), false)
#6 C:\xampp\htdocs\Galeri-foto\public\index.php(37): CodeIgniter\CodeIgniter->run()
#7 C:\xampp\htdocs\Galeri-foto\system\Commands\Server\rewrite.php(43): require_once('C:\\xampp\\htdocs...')
#8 {main}
CRITICAL - 2024-01-23 18:05:56 --> Class 'App\Models\M_album' not found
#0 C:\xampp\htdocs\Galeri-foto\system\CodeIgniter.php(832): App\Controllers\Album->index()
#1 C:\xampp\htdocs\Galeri-foto\system\CodeIgniter.php(419): CodeIgniter\CodeIgniter->runController(Object(App\Controllers\Album))
#2 C:\xampp\htdocs\Galeri-foto\system\CodeIgniter.php(326): CodeIgniter\CodeIgniter->handleRequest(NULL, Object(Config\Cache), false)
#3 C:\xampp\htdocs\Galeri-foto\public\index.php(37): CodeIgniter\CodeIgniter->run()
#4 C:\xampp\htdocs\Galeri-foto\system\Commands\Server\rewrite.php(43): require_once('C:\\xampp\\htdocs...')
#5 {main}
CRITICAL - 2024-01-23 18:06:49 --> Invalid file: mazer/album/create.php
#0 C:\xampp\htdocs\Galeri-foto\system\View\View.php(198): CodeIgniter\Exceptions\FrameworkException::forInvalidFile('mazer/album/cre...')
#1 C:\xampp\htdocs\Galeri-foto\system\Common.php(1089): CodeIgniter\View\View->render('mazer/album/cre...', Array, true)
#2 C:\xampp\htdocs\Galeri-foto\app\Controllers\Album.php(39): view('mazer/album/cre...', Array)
#3 C:\xampp\htdocs\Galeri-foto\system\CodeIgniter.php(832): App\Controllers\Album->tambah_album()
#4 C:\xampp\htdocs\Galeri-foto\system\CodeIgniter.php(419): CodeIgniter\CodeIgniter->runController(Object(App\Controllers\Album))
#5 C:\xampp\htdocs\Galeri-foto\system\CodeIgniter.php(326): CodeIgniter\CodeIgniter->handleRequest(NULL, Object(Config\Cache), false)
#6 C:\xampp\htdocs\Galeri-foto\public\index.php(37): CodeIgniter\CodeIgniter->run()
#7 C:\xampp\htdocs\Galeri-foto\system\Commands\Server\rewrite.php(43): require_once('C:\\xampp\\htdocs...')
#8 {main}
ERROR - 2024-01-23 18:56:29 --> Column 'gambar_album' cannot be null
ERROR - 2024-01-23 18:56:55 --> Column 'gambar_album' cannot be null
ERROR - 2024-01-23 18:57:51 --> Column 'gambar_album' cannot be null
CRITICAL - 2024-01-23 19:09:17 --> Class 'App\Controllers\M_galeri' not found
#0 C:\xampp\htdocs\Galeri-foto\system\CodeIgniter.php(832): App\Controllers\Album->detail_album('4')
#1 C:\xampp\htdocs\Galeri-foto\system\CodeIgniter.php(419): CodeIgniter\CodeIgniter->runController(Object(App\Controllers\Album))
#2 C:\xampp\htdocs\Galeri-foto\system\CodeIgniter.php(326): CodeIgniter\CodeIgniter->handleRequest(NULL, Object(Config\Cache), false)
#3 C:\xampp\htdocs\Galeri-foto\public\index.php(37): CodeIgniter\CodeIgniter->run()
#4 C:\xampp\htdocs\Galeri-foto\system\Commands\Server\rewrite.php(43): require_once('C:\\xampp\\htdocs...')
#5 {main}
CRITICAL - 2024-01-23 19:15:33 --> Illegal string offset 'nama_album'
#0 C:\xampp\htdocs\Galeri-foto\app\Controllers\Album.php(36): CodeIgniter\Debug\Exceptions->errorHandler(2, 'Illegal string ...', 'C:\\xampp\\htdocs...', 36, Array)
#1 C:\xampp\htdocs\Galeri-foto\system\CodeIgniter.php(832): App\Controllers\Album->detail_album('4')
#2 C:\xampp\htdocs\Galeri-foto\system\CodeIgniter.php(419): CodeIgniter\CodeIgniter->runController(Object(App\Controllers\Album))
#3 C:\xampp\htdocs\Galeri-foto\system\CodeIgniter.php(326): CodeIgniter\CodeIgniter->handleRequest(NULL, Object(Config\Cache), false)
#4 C:\xampp\htdocs\Galeri-foto\public\index.php(37): CodeIgniter\CodeIgniter->run()
#5 C:\xampp\htdocs\Galeri-foto\system\Commands\Server\rewrite.php(43): require_once('C:\\xampp\\htdocs...')
#6 {main}
CRITICAL - 2024-01-23 19:19:20 --> Illegal string offset 'nama_album'
#0 C:\xampp\htdocs\Galeri-foto\app\Views\photofolio\album\detail.php(8): CodeIgniter\Debug\Exceptions->errorHandler(2, 'Illegal string ...', 'C:\\xampp\\htdocs...', 8, Array)
#1 C:\xampp\htdocs\Galeri-foto\system\View\View.php(210): include('C:\\xampp\\htdocs...')
#2 C:\xampp\htdocs\Galeri-foto\system\View\View.php(213): CodeIgniter\View\View->CodeIgniter\View\{closure}()
#3 C:\xampp\htdocs\Galeri-foto\system\Common.php(1089): CodeIgniter\View\View->render('photofolio/albu...', Array, true)
#4 C:\xampp\htdocs\Galeri-foto\app\Controllers\Album.php(52): view('photofolio/albu...', Array)
#5 C:\xampp\htdocs\Galeri-foto\system\CodeIgniter.php(832): App\Controllers\Album->detail_album('4')
#6 C:\xampp\htdocs\Galeri-foto\system\CodeIgniter.php(419): CodeIgniter\CodeIgniter->runController(Object(App\Controllers\Album))
#7 C:\xampp\htdocs\Galeri-foto\system\CodeIgniter.php(326): CodeIgniter\CodeIgniter->handleRequest(NULL, Object(Config\Cache), false)
#8 C:\xampp\htdocs\Galeri-foto\public\index.php(37): CodeIgniter\CodeIgniter->run()
#9 C:\xampp\htdocs\Galeri-foto\system\Commands\Server\rewrite.php(43): require_once('C:\\xampp\\htdocs...')
#10 {main}
CRITICAL - 2024-01-23 19:20:47 --> Illegal string offset 'nama_album'
#0 C:\xampp\htdocs\Galeri-foto\app\Views\photofolio\album\detail.php(8): CodeIgniter\Debug\Exceptions->errorHandler(2, 'Illegal string ...', 'C:\\xampp\\htdocs...', 8, Array)
#1 C:\xampp\htdocs\Galeri-foto\system\View\View.php(210): include('C:\\xampp\\htdocs...')
#2 C:\xampp\htdocs\Galeri-foto\system\View\View.php(213): CodeIgniter\View\View->CodeIgniter\View\{closure}()
#3 C:\xampp\htdocs\Galeri-foto\system\Common.php(1089): CodeIgniter\View\View->render('photofolio/albu...', Array, true)
#4 C:\xampp\htdocs\Galeri-foto\app\Controllers\Album.php(42): view('photofolio/albu...', Array)
#5 C:\xampp\htdocs\Galeri-foto\system\CodeIgniter.php(832): App\Controllers\Album->detail_album('4')
#6 C:\xampp\htdocs\Galeri-foto\system\CodeIgniter.php(419): CodeIgniter\CodeIgniter->runController(Object(App\Controllers\Album))
#7 C:\xampp\htdocs\Galeri-foto\system\CodeIgniter.php(326): CodeIgniter\CodeIgniter->handleRequest(NULL, Object(Config\Cache), false)
#8 C:\xampp\htdocs\Galeri-foto\public\index.php(37): CodeIgniter\CodeIgniter->run()
#9 C:\xampp\htdocs\Galeri-foto\system\Commands\Server\rewrite.php(43): require_once('C:\\xampp\\htdocs...')
#10 {main}
CRITICAL - 2024-01-23 19:20:48 --> Illegal string offset 'nama_album'
#0 C:\xampp\htdocs\Galeri-foto\app\Views\photofolio\album\detail.php(8): CodeIgniter\Debug\Exceptions->errorHandler(2, 'Illegal string ...', 'C:\\xampp\\htdocs...', 8, Array)
#1 C:\xampp\htdocs\Galeri-foto\system\View\View.php(210): include('C:\\xampp\\htdocs...')
#2 C:\xampp\htdocs\Galeri-foto\system\View\View.php(213): CodeIgniter\View\View->CodeIgniter\View\{closure}()
#3 C:\xampp\htdocs\Galeri-foto\system\Common.php(1089): CodeIgniter\View\View->render('photofolio/albu...', Array, true)
#4 C:\xampp\htdocs\Galeri-foto\app\Controllers\Album.php(42): view('photofolio/albu...', Array)
#5 C:\xampp\htdocs\Galeri-foto\system\CodeIgniter.php(832): App\Controllers\Album->detail_album('4')
#6 C:\xampp\htdocs\Galeri-foto\system\CodeIgniter.php(419): CodeIgniter\CodeIgniter->runController(Object(App\Controllers\Album))
#7 C:\xampp\htdocs\Galeri-foto\system\CodeIgniter.php(326): CodeIgniter\CodeIgniter->handleRequest(NULL, Object(Config\Cache), false)
#8 C:\xampp\htdocs\Galeri-foto\public\index.php(37): CodeIgniter\CodeIgniter->run()
#9 C:\xampp\htdocs\Galeri-foto\system\Commands\Server\rewrite.php(43): require_once('C:\\xampp\\htdocs...')
#10 {main}
CRITICAL - 2024-01-23 19:20:48 --> Illegal string offset 'nama_album'
#0 C:\xampp\htdocs\Galeri-foto\app\Views\photofolio\album\detail.php(8): CodeIgniter\Debug\Exceptions->errorHandler(2, 'Illegal string ...', 'C:\\xampp\\htdocs...', 8, Array)
#1 C:\xampp\htdocs\Galeri-foto\system\View\View.php(210): include('C:\\xampp\\htdocs...')
#2 C:\xampp\htdocs\Galeri-foto\system\View\View.php(213): CodeIgniter\View\View->CodeIgniter\View\{closure}()
#3 C:\xampp\htdocs\Galeri-foto\system\Common.php(1089): CodeIgniter\View\View->render('photofolio/albu...', Array, true)
#4 C:\xampp\htdocs\Galeri-foto\app\Controllers\Album.php(42): view('photofolio/albu...', Array)
#5 C:\xampp\htdocs\Galeri-foto\system\CodeIgniter.php(832): App\Controllers\Album->detail_album('4')
#6 C:\xampp\htdocs\Galeri-foto\system\CodeIgniter.php(419): CodeIgniter\CodeIgniter->runController(Object(App\Controllers\Album))
#7 C:\xampp\htdocs\Galeri-foto\system\CodeIgniter.php(326): CodeIgniter\CodeIgniter->handleRequest(NULL, Object(Config\Cache), false)
#8 C:\xampp\htdocs\Galeri-foto\public\index.php(37): CodeIgniter\CodeIgniter->run()
#9 C:\xampp\htdocs\Galeri-foto\system\Commands\Server\rewrite.php(43): require_once('C:\\xampp\\htdocs...')
#10 {main}
CRITICAL - 2024-01-23 19:20:48 --> Illegal string offset 'nama_album'
#0 C:\xampp\htdocs\Galeri-foto\app\Views\photofolio\album\detail.php(8): CodeIgniter\Debug\Exceptions->errorHandler(2, 'Illegal string ...', 'C:\\xampp\\htdocs...', 8, Array)
#1 C:\xampp\htdocs\Galeri-foto\system\View\View.php(210): include('C:\\xampp\\htdocs...')
#2 C:\xampp\htdocs\Galeri-foto\system\View\View.php(213): CodeIgniter\View\View->CodeIgniter\View\{closure}()
#3 C:\xampp\htdocs\Galeri-foto\system\Common.php(1089): CodeIgniter\View\View->render('photofolio/albu...', Array, true)
#4 C:\xampp\htdocs\Galeri-foto\app\Controllers\Album.php(42): view('photofolio/albu...', Array)
#5 C:\xampp\htdocs\Galeri-foto\system\CodeIgniter.php(832): App\Controllers\Album->detail_album('4')
#6 C:\xampp\htdocs\Galeri-foto\system\CodeIgniter.php(419): CodeIgniter\CodeIgniter->runController(Object(App\Controllers\Album))
#7 C:\xampp\htdocs\Galeri-foto\system\CodeIgniter.php(326): CodeIgniter\CodeIgniter->handleRequest(NULL, Object(Config\Cache), false)
#8 C:\xampp\htdocs\Galeri-foto\public\index.php(37): CodeIgniter\CodeIgniter->run()
#9 C:\xampp\htdocs\Galeri-foto\system\Commands\Server\rewrite.php(43): require_once('C:\\xampp\\htdocs...')
#10 {main}
CRITICAL - 2024-01-23 19:20:48 --> Illegal string offset 'nama_album'
#0 C:\xampp\htdocs\Galeri-foto\app\Views\photofolio\album\detail.php(8): CodeIgniter\Debug\Exceptions->errorHandler(2, 'Illegal string ...', 'C:\\xampp\\htdocs...', 8, Array)
#1 C:\xampp\htdocs\Galeri-foto\system\View\View.php(210): include('C:\\xampp\\htdocs...')
#2 C:\xampp\htdocs\Galeri-foto\system\View\View.php(213): CodeIgniter\View\View->CodeIgniter\View\{closure}()
#3 C:\xampp\htdocs\Galeri-foto\system\Common.php(1089): CodeIgniter\View\View->render('photofolio/albu...', Array, true)
#4 C:\xampp\htdocs\Galeri-foto\app\Controllers\Album.php(42): view('photofolio/albu...', Array)
#5 C:\xampp\htdocs\Galeri-foto\system\CodeIgniter.php(832): App\Controllers\Album->detail_album('4')
#6 C:\xampp\htdocs\Galeri-foto\system\CodeIgniter.php(419): CodeIgniter\CodeIgniter->runController(Object(App\Controllers\Album))
#7 C:\xampp\htdocs\Galeri-foto\system\CodeIgniter.php(326): CodeIgniter\CodeIgniter->handleRequest(NULL, Object(Config\Cache), false)
#8 C:\xampp\htdocs\Galeri-foto\public\index.php(37): CodeIgniter\CodeIgniter->run()
#9 C:\xampp\htdocs\Galeri-foto\system\Commands\Server\rewrite.php(43): require_once('C:\\xampp\\htdocs...')
#10 {main}
CRITICAL - 2024-01-23 19:20:49 --> Illegal string offset 'nama_album'
#0 C:\xampp\htdocs\Galeri-foto\app\Views\photofolio\album\detail.php(8): CodeIgniter\Debug\Exceptions->errorHandler(2, 'Illegal string ...', 'C:\\xampp\\htdocs...', 8, Array)
#1 C:\xampp\htdocs\Galeri-foto\system\View\View.php(210): include('C:\\xampp\\htdocs...')
#2 C:\xampp\htdocs\Galeri-foto\system\View\View.php(213): CodeIgniter\View\View->CodeIgniter\View\{closure}()
#3 C:\xampp\htdocs\Galeri-foto\system\Common.php(1089): CodeIgniter\View\View->render('photofolio/albu...', Array, true)
#4 C:\xampp\htdocs\Galeri-foto\app\Controllers\Album.php(42): view('photofolio/albu...', Array)
#5 C:\xampp\htdocs\Galeri-foto\system\CodeIgniter.php(832): App\Controllers\Album->detail_album('4')
#6 C:\xampp\htdocs\Galeri-foto\system\CodeIgniter.php(419): CodeIgniter\CodeIgniter->runController(Object(App\Controllers\Album))
#7 C:\xampp\htdocs\Galeri-foto\system\CodeIgniter.php(326): CodeIgniter\CodeIgniter->handleRequest(NULL, Object(Config\Cache), false)
#8 C:\xampp\htdocs\Galeri-foto\public\index.php(37): CodeIgniter\CodeIgniter->run()
#9 C:\xampp\htdocs\Galeri-foto\system\Commands\Server\rewrite.php(43): require_once('C:\\xampp\\htdocs...')
#10 {main}
CRITICAL - 2024-01-23 19:20:49 --> Illegal string offset 'nama_album'
#0 C:\xampp\htdocs\Galeri-foto\app\Views\photofolio\album\detail.php(8): CodeIgniter\Debug\Exceptions->errorHandler(2, 'Illegal string ...', 'C:\\xampp\\htdocs...', 8, Array)
#1 C:\xampp\htdocs\Galeri-foto\system\View\View.php(210): include('C:\\xampp\\htdocs...')
#2 C:\xampp\htdocs\Galeri-foto\system\View\View.php(213): CodeIgniter\View\View->CodeIgniter\View\{closure}()
#3 C:\xampp\htdocs\Galeri-foto\system\Common.php(1089): CodeIgniter\View\View->render('photofolio/albu...', Array, true)
#4 C:\xampp\htdocs\Galeri-foto\app\Controllers\Album.php(42): view('photofolio/albu...', Array)
#5 C:\xampp\htdocs\Galeri-foto\system\CodeIgniter.php(832): App\Controllers\Album->detail_album('4')
#6 C:\xampp\htdocs\Galeri-foto\system\CodeIgniter.php(419): CodeIgniter\CodeIgniter->runController(Object(App\Controllers\Album))
#7 C:\xampp\htdocs\Galeri-foto\system\CodeIgniter.php(326): CodeIgniter\CodeIgniter->handleRequest(NULL, Object(Config\Cache), false)
#8 C:\xampp\htdocs\Galeri-foto\public\index.php(37): CodeIgniter\CodeIgniter->run()
#9 C:\xampp\htdocs\Galeri-foto\system\Commands\Server\rewrite.php(43): require_once('C:\\xampp\\htdocs...')
#10 {main}
CRITICAL - 2024-01-23 19:20:49 --> Illegal string offset 'nama_album'
#0 C:\xampp\htdocs\Galeri-foto\app\Views\photofolio\album\detail.php(8): CodeIgniter\Debug\Exceptions->errorHandler(2, 'Illegal string ...', 'C:\\xampp\\htdocs...', 8, Array)
#1 C:\xampp\htdocs\Galeri-foto\system\View\View.php(210): include('C:\\xampp\\htdocs...')
#2 C:\xampp\htdocs\Galeri-foto\system\View\View.php(213): CodeIgniter\View\View->CodeIgniter\View\{closure}()
#3 C:\xampp\htdocs\Galeri-foto\system\Common.php(1089): CodeIgniter\View\View->render('photofolio/albu...', Array, true)
#4 C:\xampp\htdocs\Galeri-foto\app\Controllers\Album.php(42): view('photofolio/albu...', Array)
#5 C:\xampp\htdocs\Galeri-foto\system\CodeIgniter.php(832): App\Controllers\Album->detail_album('4')
#6 C:\xampp\htdocs\Galeri-foto\system\CodeIgniter.php(419): CodeIgniter\CodeIgniter->runController(Object(App\Controllers\Album))
#7 C:\xampp\htdocs\Galeri-foto\system\CodeIgniter.php(326): CodeIgniter\CodeIgniter->handleRequest(NULL, Object(Config\Cache), false)
#8 C:\xampp\htdocs\Galeri-foto\public\index.php(37): CodeIgniter\CodeIgniter->run()
#9 C:\xampp\htdocs\Galeri-foto\system\Commands\Server\rewrite.php(43): require_once('C:\\xampp\\htdocs...')
#10 {main}
CRITICAL - 2024-01-23 19:20:49 --> Illegal string offset 'nama_album'
#0 C:\xampp\htdocs\Galeri-foto\app\Views\photofolio\album\detail.php(8): CodeIgniter\Debug\Exceptions->errorHandler(2, 'Illegal string ...', 'C:\\xampp\\htdocs...', 8, Array)
#1 C:\xampp\htdocs\Galeri-foto\system\View\View.php(210): include('C:\\xampp\\htdocs...')
#2 C:\xampp\htdocs\Galeri-foto\system\View\View.php(213): CodeIgniter\View\View->CodeIgniter\View\{closure}()
#3 C:\xampp\htdocs\Galeri-foto\system\Common.php(1089): CodeIgniter\View\View->render('photofolio/albu...', Array, true)
#4 C:\xampp\htdocs\Galeri-foto\app\Controllers\Album.php(42): view('photofolio/albu...', Array)
#5 C:\xampp\htdocs\Galeri-foto\system\CodeIgniter.php(832): App\Controllers\Album->detail_album('4')
#6 C:\xampp\htdocs\Galeri-foto\system\CodeIgniter.php(419): CodeIgniter\CodeIgniter->runController(Object(App\Controllers\Album))
#7 C:\xampp\htdocs\Galeri-foto\system\CodeIgniter.php(326): CodeIgniter\CodeIgniter->handleRequest(NULL, Object(Config\Cache), false)
#8 C:\xampp\htdocs\Galeri-foto\public\index.php(37): CodeIgniter\CodeIgniter->run()
#9 C:\xampp\htdocs\Galeri-foto\system\Commands\Server\rewrite.php(43): require_once('C:\\xampp\\htdocs...')
#10 {main}
CRITICAL - 2024-01-23 19:20:49 --> Illegal string offset 'nama_album'
#0 C:\xampp\htdocs\Galeri-foto\app\Views\photofolio\album\detail.php(8): CodeIgniter\Debug\Exceptions->errorHandler(2, 'Illegal string ...', 'C:\\xampp\\htdocs...', 8, Array)
#1 C:\xampp\htdocs\Galeri-foto\system\View\View.php(210): include('C:\\xampp\\htdocs...')
#2 C:\xampp\htdocs\Galeri-foto\system\View\View.php(213): CodeIgniter\View\View->CodeIgniter\View\{closure}()
#3 C:\xampp\htdocs\Galeri-foto\system\Common.php(1089): CodeIgniter\View\View->render('photofolio/albu...', Array, true)
#4 C:\xampp\htdocs\Galeri-foto\app\Controllers\Album.php(42): view('photofolio/albu...', Array)
#5 C:\xampp\htdocs\Galeri-foto\system\CodeIgniter.php(832): App\Controllers\Album->detail_album('4')
#6 C:\xampp\htdocs\Galeri-foto\system\CodeIgniter.php(419): CodeIgniter\CodeIgniter->runController(Object(App\Controllers\Album))
#7 C:\xampp\htdocs\Galeri-foto\system\CodeIgniter.php(326): CodeIgniter\CodeIgniter->handleRequest(NULL, Object(Config\Cache), false)
#8 C:\xampp\htdocs\Galeri-foto\public\index.php(37): CodeIgniter\CodeIgniter->run()
#9 C:\xampp\htdocs\Galeri-foto\system\Commands\Server\rewrite.php(43): require_once('C:\\xampp\\htdocs...')
#10 {main}
CRITICAL - 2024-01-23 19:20:49 --> Illegal string offset 'nama_album'
#0 C:\xampp\htdocs\Galeri-foto\app\Views\photofolio\album\detail.php(8): CodeIgniter\Debug\Exceptions->errorHandler(2, 'Illegal string ...', 'C:\\xampp\\htdocs...', 8, Array)
#1 C:\xampp\htdocs\Galeri-foto\system\View\View.php(210): include('C:\\xampp\\htdocs...')
#2 C:\xampp\htdocs\Galeri-foto\system\View\View.php(213): CodeIgniter\View\View->CodeIgniter\View\{closure}()
#3 C:\xampp\htdocs\Galeri-foto\system\Common.php(1089): CodeIgniter\View\View->render('photofolio/albu...', Array, true)
#4 C:\xampp\htdocs\Galeri-foto\app\Controllers\Album.php(42): view('photofolio/albu...', Array)
#5 C:\xampp\htdocs\Galeri-foto\system\CodeIgniter.php(832): App\Controllers\Album->detail_album('4')
#6 C:\xampp\htdocs\Galeri-foto\system\CodeIgniter.php(419): CodeIgniter\CodeIgniter->runController(Object(App\Controllers\Album))
#7 C:\xampp\htdocs\Galeri-foto\system\CodeIgniter.php(326): CodeIgniter\CodeIgniter->handleRequest(NULL, Object(Config\Cache), false)
#8 C:\xampp\htdocs\Galeri-foto\public\index.php(37): CodeIgniter\CodeIgniter->run()
#9 C:\xampp\htdocs\Galeri-foto\system\Commands\Server\rewrite.php(43): require_once('C:\\xampp\\htdocs...')
#10 {main}
CRITICAL - 2024-01-23 19:20:50 --> Illegal string offset 'nama_album'
#0 C:\xampp\htdocs\Galeri-foto\app\Views\photofolio\album\detail.php(8): CodeIgniter\Debug\Exceptions->errorHandler(2, 'Illegal string ...', 'C:\\xampp\\htdocs...', 8, Array)
#1 C:\xampp\htdocs\Galeri-foto\system\View\View.php(210): include('C:\\xampp\\htdocs...')
#2 C:\xampp\htdocs\Galeri-foto\system\View\View.php(213): CodeIgniter\View\View->CodeIgniter\View\{closure}()
#3 C:\xampp\htdocs\Galeri-foto\system\Common.php(1089): CodeIgniter\View\View->render('photofolio/albu...', Array, true)
#4 C:\xampp\htdocs\Galeri-foto\app\Controllers\Album.php(42): view('photofolio/albu...', Array)
#5 C:\xampp\htdocs\Galeri-foto\system\CodeIgniter.php(832): App\Controllers\Album->detail_album('4')
#6 C:\xampp\htdocs\Galeri-foto\system\CodeIgniter.php(419): CodeIgniter\CodeIgniter->runController(Object(App\Controllers\Album))
#7 C:\xampp\htdocs\Galeri-foto\system\CodeIgniter.php(326): CodeIgniter\CodeIgniter->handleRequest(NULL, Object(Config\Cache), false)
#8 C:\xampp\htdocs\Galeri-foto\public\index.php(37): CodeIgniter\CodeIgniter->run()
#9 C:\xampp\htdocs\Galeri-foto\system\Commands\Server\rewrite.php(43): require_once('C:\\xampp\\htdocs...')
#10 {main}
CRITICAL - 2024-01-23 19:20:50 --> Illegal string offset 'nama_album'
#0 C:\xampp\htdocs\Galeri-foto\app\Views\photofolio\album\detail.php(8): CodeIgniter\Debug\Exceptions->errorHandler(2, 'Illegal string ...', 'C:\\xampp\\htdocs...', 8, Array)
#1 C:\xampp\htdocs\Galeri-foto\system\View\View.php(210): include('C:\\xampp\\htdocs...')
#2 C:\xampp\htdocs\Galeri-foto\system\View\View.php(213): CodeIgniter\View\View->CodeIgniter\View\{closure}()
#3 C:\xampp\htdocs\Galeri-foto\system\Common.php(1089): CodeIgniter\View\View->render('photofolio/albu...', Array, true)
#4 C:\xampp\htdocs\Galeri-foto\app\Controllers\Album.php(42): view('photofolio/albu...', Array)
#5 C:\xampp\htdocs\Galeri-foto\system\CodeIgniter.php(832): App\Controllers\Album->detail_album('4')
#6 C:\xampp\htdocs\Galeri-foto\system\CodeIgniter.php(419): CodeIgniter\CodeIgniter->runController(Object(App\Controllers\Album))
#7 C:\xampp\htdocs\Galeri-foto\system\CodeIgniter.php(326): CodeIgniter\CodeIgniter->handleRequest(NULL, Object(Config\Cache), false)
#8 C:\xampp\htdocs\Galeri-foto\public\index.php(37): CodeIgniter\CodeIgniter->run()
#9 C:\xampp\htdocs\Galeri-foto\system\Commands\Server\rewrite.php(43): require_once('C:\\xampp\\htdocs...')
#10 {main}
CRITICAL - 2024-01-23 19:20:50 --> Illegal string offset 'nama_album'
#0 C:\xampp\htdocs\Galeri-foto\app\Views\photofolio\album\detail.php(8): CodeIgniter\Debug\Exceptions->errorHandler(2, 'Illegal string ...', 'C:\\xampp\\htdocs...', 8, Array)
#1 C:\xampp\htdocs\Galeri-foto\system\View\View.php(210): include('C:\\xampp\\htdocs...')
#2 C:\xampp\htdocs\Galeri-foto\system\View\View.php(213): CodeIgniter\View\View->CodeIgniter\View\{closure}()
#3 C:\xampp\htdocs\Galeri-foto\system\Common.php(1089): CodeIgniter\View\View->render('photofolio/albu...', Array, true)
#4 C:\xampp\htdocs\Galeri-foto\app\Controllers\Album.php(42): view('photofolio/albu...', Array)
#5 C:\xampp\htdocs\Galeri-foto\system\CodeIgniter.php(832): App\Controllers\Album->detail_album('4')
#6 C:\xampp\htdocs\Galeri-foto\system\CodeIgniter.php(419): CodeIgniter\CodeIgniter->runController(Object(App\Controllers\Album))
#7 C:\xampp\htdocs\Galeri-foto\system\CodeIgniter.php(326): CodeIgniter\CodeIgniter->handleRequest(NULL, Object(Config\Cache), false)
#8 C:\xampp\htdocs\Galeri-foto\public\index.php(37): CodeIgniter\CodeIgniter->run()
#9 C:\xampp\htdocs\Galeri-foto\system\Commands\Server\rewrite.php(43): require_once('C:\\xampp\\htdocs...')
#10 {main}
CRITICAL - 2024-01-23 19:20:50 --> Illegal string offset 'nama_album'
#0 C:\xampp\htdocs\Galeri-foto\app\Views\photofolio\album\detail.php(8): CodeIgniter\Debug\Exceptions->errorHandler(2, 'Illegal string ...', 'C:\\xampp\\htdocs...', 8, Array)
#1 C:\xampp\htdocs\Galeri-foto\system\View\View.php(210): include('C:\\xampp\\htdocs...')
#2 C:\xampp\htdocs\Galeri-foto\system\View\View.php(213): CodeIgniter\View\View->CodeIgniter\View\{closure}()
#3 C:\xampp\htdocs\Galeri-foto\system\Common.php(1089): CodeIgniter\View\View->render('photofolio/albu...', Array, true)
#4 C:\xampp\htdocs\Galeri-foto\app\Controllers\Album.php(42): view('photofolio/albu...', Array)
#5 C:\xampp\htdocs\Galeri-foto\system\CodeIgniter.php(832): App\Controllers\Album->detail_album('4')
#6 C:\xampp\htdocs\Galeri-foto\system\CodeIgniter.php(419): CodeIgniter\CodeIgniter->runController(Object(App\Controllers\Album))
#7 C:\xampp\htdocs\Galeri-foto\system\CodeIgniter.php(326): CodeIgniter\CodeIgniter->handleRequest(NULL, Object(Config\Cache), false)
#8 C:\xampp\htdocs\Galeri-foto\public\index.php(37): CodeIgniter\CodeIgniter->run()
#9 C:\xampp\htdocs\Galeri-foto\system\Commands\Server\rewrite.php(43): require_once('C:\\xampp\\htdocs...')
#10 {main}
CRITICAL - 2024-01-23 19:20:50 --> Illegal string offset 'nama_album'
#0 C:\xampp\htdocs\Galeri-foto\app\Views\photofolio\album\detail.php(8): CodeIgniter\Debug\Exceptions->errorHandler(2, 'Illegal string ...', 'C:\\xampp\\htdocs...', 8, Array)
#1 C:\xampp\htdocs\Galeri-foto\system\View\View.php(210): include('C:\\xampp\\htdocs...')
#2 C:\xampp\htdocs\Galeri-foto\system\View\View.php(213): CodeIgniter\View\View->CodeIgniter\View\{closure}()
#3 C:\xampp\htdocs\Galeri-foto\system\Common.php(1089): CodeIgniter\View\View->render('photofolio/albu...', Array, true)
#4 C:\xampp\htdocs\Galeri-foto\app\Controllers\Album.php(42): view('photofolio/albu...', Array)
#5 C:\xampp\htdocs\Galeri-foto\system\CodeIgniter.php(832): App\Controllers\Album->detail_album('4')
#6 C:\xampp\htdocs\Galeri-foto\system\CodeIgniter.php(419): CodeIgniter\CodeIgniter->runController(Object(App\Controllers\Album))
#7 C:\xampp\htdocs\Galeri-foto\system\CodeIgniter.php(326): CodeIgniter\CodeIgniter->handleRequest(NULL, Object(Config\Cache), false)
#8 C:\xampp\htdocs\Galeri-foto\public\index.php(37): CodeIgniter\CodeIgniter->run()
#9 C:\xampp\htdocs\Galeri-foto\system\Commands\Server\rewrite.php(43): require_once('C:\\xampp\\htdocs...')
#10 {main}
CRITICAL - 2024-01-23 19:20:51 --> Illegal string offset 'nama_album'
#0 C:\xampp\htdocs\Galeri-foto\app\Views\photofolio\album\detail.php(8): CodeIgniter\Debug\Exceptions->errorHandler(2, 'Illegal string ...', 'C:\\xampp\\htdocs...', 8, Array)
#1 C:\xampp\htdocs\Galeri-foto\system\View\View.php(210): include('C:\\xampp\\htdocs...')
#2 C:\xampp\htdocs\Galeri-foto\system\View\View.php(213): CodeIgniter\View\View->CodeIgniter\View\{closure}()
#3 C:\xampp\htdocs\Galeri-foto\system\Common.php(1089): CodeIgniter\View\View->render('photofolio/albu...', Array, true)
#4 C:\xampp\htdocs\Galeri-foto\app\Controllers\Album.php(42): view('photofolio/albu...', Array)
#5 C:\xampp\htdocs\Galeri-foto\system\CodeIgniter.php(832): App\Controllers\Album->detail_album('4')
#6 C:\xampp\htdocs\Galeri-foto\system\CodeIgniter.php(419): CodeIgniter\CodeIgniter->runController(Object(App\Controllers\Album))
#7 C:\xampp\htdocs\Galeri-foto\system\CodeIgniter.php(326): CodeIgniter\CodeIgniter->handleRequest(NULL, Object(Config\Cache), false)
#8 C:\xampp\htdocs\Galeri-foto\public\index.php(37): CodeIgniter\CodeIgniter->run()
#9 C:\xampp\htdocs\Galeri-foto\system\Commands\Server\rewrite.php(43): require_once('C:\\xampp\\htdocs...')
#10 {main}
CRITICAL - 2024-01-23 19:20:51 --> Illegal string offset 'nama_album'
#0 C:\xampp\htdocs\Galeri-foto\app\Views\photofolio\album\detail.php(8): CodeIgniter\Debug\Exceptions->errorHandler(2, 'Illegal string ...', 'C:\\xampp\\htdocs...', 8, Array)
#1 C:\xampp\htdocs\Galeri-foto\system\View\View.php(210): include('C:\\xampp\\htdocs...')
#2 C:\xampp\htdocs\Galeri-foto\system\View\View.php(213): CodeIgniter\View\View->CodeIgniter\View\{closure}()
#3 C:\xampp\htdocs\Galeri-foto\system\Common.php(1089): CodeIgniter\View\View->render('photofolio/albu...', Array, true)
#4 C:\xampp\htdocs\Galeri-foto\app\Controllers\Album.php(42): view('photofolio/albu...', Array)
#5 C:\xampp\htdocs\Galeri-foto\system\CodeIgniter.php(832): App\Controllers\Album->detail_album('4')
#6 C:\xampp\htdocs\Galeri-foto\system\CodeIgniter.php(419): CodeIgniter\CodeIgniter->runController(Object(App\Controllers\Album))
#7 C:\xampp\htdocs\Galeri-foto\system\CodeIgniter.php(326): CodeIgniter\CodeIgniter->handleRequest(NULL, Object(Config\Cache), false)
#8 C:\xampp\htdocs\Galeri-foto\public\index.php(37): CodeIgniter\CodeIgniter->run()
#9 C:\xampp\htdocs\Galeri-foto\system\Commands\Server\rewrite.php(43): require_once('C:\\xampp\\htdocs...')
#10 {main}
CRITICAL - 2024-01-23 19:20:51 --> Illegal string offset 'nama_album'
#0 C:\xampp\htdocs\Galeri-foto\app\Views\photofolio\album\detail.php(8): CodeIgniter\Debug\Exceptions->errorHandler(2, 'Illegal string ...', 'C:\\xampp\\htdocs...', 8, Array)
#1 C:\xampp\htdocs\Galeri-foto\system\View\View.php(210): include('C:\\xampp\\htdocs...')
#2 C:\xampp\htdocs\Galeri-foto\system\View\View.php(213): CodeIgniter\View\View->CodeIgniter\View\{closure}()
#3 C:\xampp\htdocs\Galeri-foto\system\Common.php(1089): CodeIgniter\View\View->render('photofolio/albu...', Array, true)
#4 C:\xampp\htdocs\Galeri-foto\app\Controllers\Album.php(42): view('photofolio/albu...', Array)
#5 C:\xampp\htdocs\Galeri-foto\system\CodeIgniter.php(832): App\Controllers\Album->detail_album('4')
#6 C:\xampp\htdocs\Galeri-foto\system\CodeIgniter.php(419): CodeIgniter\CodeIgniter->runController(Object(App\Controllers\Album))
#7 C:\xampp\htdocs\Galeri-foto\system\CodeIgniter.php(326): CodeIgniter\CodeIgniter->handleRequest(NULL, Object(Config\Cache), false)
#8 C:\xampp\htdocs\Galeri-foto\public\index.php(37): CodeIgniter\CodeIgniter->run()
#9 C:\xampp\htdocs\Galeri-foto\system\Commands\Server\rewrite.php(43): require_once('C:\\xampp\\htdocs...')
#10 {main}
CRITICAL - 2024-01-23 19:20:52 --> Illegal string offset 'nama_album'
#0 C:\xampp\htdocs\Galeri-foto\app\Views\photofolio\album\detail.php(8): CodeIgniter\Debug\Exceptions->errorHandler(2, 'Illegal string ...', 'C:\\xampp\\htdocs...', 8, Array)
#1 C:\xampp\htdocs\Galeri-foto\system\View\View.php(210): include('C:\\xampp\\htdocs...')
#2 C:\xampp\htdocs\Galeri-foto\system\View\View.php(213): CodeIgniter\View\View->CodeIgniter\View\{closure}()
#3 C:\xampp\htdocs\Galeri-foto\system\Common.php(1089): CodeIgniter\View\View->render('photofolio/albu...', Array, true)
#4 C:\xampp\htdocs\Galeri-foto\app\Controllers\Album.php(42): view('photofolio/albu...', Array)
#5 C:\xampp\htdocs\Galeri-foto\system\CodeIgniter.php(832): App\Controllers\Album->detail_album('4')
#6 C:\xampp\htdocs\Galeri-foto\system\CodeIgniter.php(419): CodeIgniter\CodeIgniter->runController(Object(App\Controllers\Album))
#7 C:\xampp\htdocs\Galeri-foto\system\CodeIgniter.php(326): CodeIgniter\CodeIgniter->handleRequest(NULL, Object(Config\Cache), false)
#8 C:\xampp\htdocs\Galeri-foto\public\index.php(37): CodeIgniter\CodeIgniter->run()
#9 C:\xampp\htdocs\Galeri-foto\system\Commands\Server\rewrite.php(43): require_once('C:\\xampp\\htdocs...')
#10 {main}
CRITICAL - 2024-01-23 19:20:52 --> Illegal string offset 'nama_album'
#0 C:\xampp\htdocs\Galeri-foto\app\Views\photofolio\album\detail.php(8): CodeIgniter\Debug\Exceptions->errorHandler(2, 'Illegal string ...', 'C:\\xampp\\htdocs...', 8, Array)
#1 C:\xampp\htdocs\Galeri-foto\system\View\View.php(210): include('C:\\xampp\\htdocs...')
#2 C:\xampp\htdocs\Galeri-foto\system\View\View.php(213): CodeIgniter\View\View->CodeIgniter\View\{closure}()
#3 C:\xampp\htdocs\Galeri-foto\system\Common.php(1089): CodeIgniter\View\View->render('photofolio/albu...', Array, true)
#4 C:\xampp\htdocs\Galeri-foto\app\Controllers\Album.php(42): view('photofolio/albu...', Array)
#5 C:\xampp\htdocs\Galeri-foto\system\CodeIgniter.php(832): App\Controllers\Album->detail_album('4')
#6 C:\xampp\htdocs\Galeri-foto\system\CodeIgniter.php(419): CodeIgniter\CodeIgniter->runController(Object(App\Controllers\Album))
#7 C:\xampp\htdocs\Galeri-foto\system\CodeIgniter.php(326): CodeIgniter\CodeIgniter->handleRequest(NULL, Object(Config\Cache), false)
#8 C:\xampp\htdocs\Galeri-foto\public\index.php(37): CodeIgniter\CodeIgniter->run()
#9 C:\xampp\htdocs\Galeri-foto\system\Commands\Server\rewrite.php(43): require_once('C:\\xampp\\htdocs...')
#10 {main}
CRITICAL - 2024-01-23 19:20:52 --> Illegal string offset 'nama_album'
#0 C:\xampp\htdocs\Galeri-foto\app\Views\photofolio\album\detail.php(8): CodeIgniter\Debug\Exceptions->errorHandler(2, 'Illegal string ...', 'C:\\xampp\\htdocs...', 8, Array)
#1 C:\xampp\htdocs\Galeri-foto\system\View\View.php(210): include('C:\\xampp\\htdocs...')
#2 C:\xampp\htdocs\Galeri-foto\system\View\View.php(213): CodeIgniter\View\View->CodeIgniter\View\{closure}()
#3 C:\xampp\htdocs\Galeri-foto\system\Common.php(1089): CodeIgniter\View\View->render('photofolio/albu...', Array, true)
#4 C:\xampp\htdocs\Galeri-foto\app\Controllers\Album.php(42): view('photofolio/albu...', Array)
#5 C:\xampp\htdocs\Galeri-foto\system\CodeIgniter.php(832): App\Controllers\Album->detail_album('4')
#6 C:\xampp\htdocs\Galeri-foto\system\CodeIgniter.php(419): CodeIgniter\CodeIgniter->runController(Object(App\Controllers\Album))
#7 C:\xampp\htdocs\Galeri-foto\system\CodeIgniter.php(326): CodeIgniter\CodeIgniter->handleRequest(NULL, Object(Config\Cache), false)
#8 C:\xampp\htdocs\Galeri-foto\public\index.php(37): CodeIgniter\CodeIgniter->run()
#9 C:\xampp\htdocs\Galeri-foto\system\Commands\Server\rewrite.php(43): require_once('C:\\xampp\\htdocs...')
#10 {main}
CRITICAL - 2024-01-23 19:20:52 --> Illegal string offset 'nama_album'
#0 C:\xampp\htdocs\Galeri-foto\app\Views\photofolio\album\detail.php(8): CodeIgniter\Debug\Exceptions->errorHandler(2, 'Illegal string ...', 'C:\\xampp\\htdocs...', 8, Array)
#1 C:\xampp\htdocs\Galeri-foto\system\View\View.php(210): include('C:\\xampp\\htdocs...')
#2 C:\xampp\htdocs\Galeri-foto\system\View\View.php(213): CodeIgniter\View\View->CodeIgniter\View\{closure}()
#3 C:\xampp\htdocs\Galeri-foto\system\Common.php(1089): CodeIgniter\View\View->render('photofolio/albu...', Array, true)
#4 C:\xampp\htdocs\Galeri-foto\app\Controllers\Album.php(42): view('photofolio/albu...', Array)
#5 C:\xampp\htdocs\Galeri-foto\system\CodeIgniter.php(832): App\Controllers\Album->detail_album('4')
#6 C:\xampp\htdocs\Galeri-foto\system\CodeIgniter.php(419): CodeIgniter\CodeIgniter->runController(Object(App\Controllers\Album))
#7 C:\xampp\htdocs\Galeri-foto\system\CodeIgniter.php(326): CodeIgniter\CodeIgniter->handleRequest(NULL, Object(Config\Cache), false)
#8 C:\xampp\htdocs\Galeri-foto\public\index.php(37): CodeIgniter\CodeIgniter->run()
#9 C:\xampp\htdocs\Galeri-foto\system\Commands\Server\rewrite.php(43): require_once('C:\\xampp\\htdocs...')
#10 {main}
CRITICAL - 2024-01-23 19:20:52 --> Illegal string offset 'nama_album'
#0 C:\xampp\htdocs\Galeri-foto\app\Views\photofolio\album\detail.php(8): CodeIgniter\Debug\Exceptions->errorHandler(2, 'Illegal string ...', 'C:\\xampp\\htdocs...', 8, Array)
#1 C:\xampp\htdocs\Galeri-foto\system\View\View.php(210): include('C:\\xampp\\htdocs...')
#2 C:\xampp\htdocs\Galeri-foto\system\View\View.php(213): CodeIgniter\View\View->CodeIgniter\View\{closure}()
#3 C:\xampp\htdocs\Galeri-foto\system\Common.php(1089): CodeIgniter\View\View->render('photofolio/albu...', Array, true)
#4 C:\xampp\htdocs\Galeri-foto\app\Controllers\Album.php(42): view('photofolio/albu...', Array)
#5 C:\xampp\htdocs\Galeri-foto\system\CodeIgniter.php(832): App\Controllers\Album->detail_album('4')
#6 C:\xampp\htdocs\Galeri-foto\system\CodeIgniter.php(419): CodeIgniter\CodeIgniter->runController(Object(App\Controllers\Album))
#7 C:\xampp\htdocs\Galeri-foto\system\CodeIgniter.php(326): CodeIgniter\CodeIgniter->handleRequest(NULL, Object(Config\Cache), false)
#8 C:\xampp\htdocs\Galeri-foto\public\index.php(37): CodeIgniter\CodeIgniter->run()
#9 C:\xampp\htdocs\Galeri-foto\system\Commands\Server\rewrite.php(43): require_once('C:\\xampp\\htdocs...')
#10 {main}
CRITICAL - 2024-01-23 19:20:53 --> Illegal string offset 'nama_album'
#0 C:\xampp\htdocs\Galeri-foto\app\Views\photofolio\album\detail.php(8): CodeIgniter\Debug\Exceptions->errorHandler(2, 'Illegal string ...', 'C:\\xampp\\htdocs...', 8, Array)
#1 C:\xampp\htdocs\Galeri-foto\system\View\View.php(210): include('C:\\xampp\\htdocs...')
#2 C:\xampp\htdocs\Galeri-foto\system\View\View.php(213): CodeIgniter\View\View->CodeIgniter\View\{closure}()
#3 C:\xampp\htdocs\Galeri-foto\system\Common.php(1089): CodeIgniter\View\View->render('photofolio/albu...', Array, true)
#4 C:\xampp\htdocs\Galeri-foto\app\Controllers\Album.php(42): view('photofolio/albu...', Array)
#5 C:\xampp\htdocs\Galeri-foto\system\CodeIgniter.php(832): App\Controllers\Album->detail_album('4')
#6 C:\xampp\htdocs\Galeri-foto\system\CodeIgniter.php(419): CodeIgniter\CodeIgniter->runController(Object(App\Controllers\Album))
#7 C:\xampp\htdocs\Galeri-foto\system\CodeIgniter.php(326): CodeIgniter\CodeIgniter->handleRequest(NULL, Object(Config\Cache), false)
#8 C:\xampp\htdocs\Galeri-foto\public\index.php(37): CodeIgniter\CodeIgniter->run()
#9 C:\xampp\htdocs\Galeri-foto\system\Commands\Server\rewrite.php(43): require_once('C:\\xampp\\htdocs...')
#10 {main}
CRITICAL - 2024-01-23 19:20:53 --> Illegal string offset 'nama_album'
#0 C:\xampp\htdocs\Galeri-foto\app\Views\photofolio\album\detail.php(8): CodeIgniter\Debug\Exceptions->errorHandler(2, 'Illegal string ...', 'C:\\xampp\\htdocs...', 8, Array)
#1 C:\xampp\htdocs\Galeri-foto\system\View\View.php(210): include('C:\\xampp\\htdocs...')
#2 C:\xampp\htdocs\Galeri-foto\system\View\View.php(213): CodeIgniter\View\View->CodeIgniter\View\{closure}()
#3 C:\xampp\htdocs\Galeri-foto\system\Common.php(1089): CodeIgniter\View\View->render('photofolio/albu...', Array, true)
#4 C:\xampp\htdocs\Galeri-foto\app\Controllers\Album.php(42): view('photofolio/albu...', Array)
#5 C:\xampp\htdocs\Galeri-foto\system\CodeIgniter.php(832): App\Controllers\Album->detail_album('4')
#6 C:\xampp\htdocs\Galeri-foto\system\CodeIgniter.php(419): CodeIgniter\CodeIgniter->runController(Object(App\Controllers\Album))
#7 C:\xampp\htdocs\Galeri-foto\system\CodeIgniter.php(326): CodeIgniter\CodeIgniter->handleRequest(NULL, Object(Config\Cache), false)
#8 C:\xampp\htdocs\Galeri-foto\public\index.php(37): CodeIgniter\CodeIgniter->run()
#9 C:\xampp\htdocs\Galeri-foto\system\Commands\Server\rewrite.php(43): require_once('C:\\xampp\\htdocs...')
#10 {main}
CRITICAL - 2024-01-23 19:20:53 --> Illegal string offset 'nama_album'
#0 C:\xampp\htdocs\Galeri-foto\app\Views\photofolio\album\detail.php(8): CodeIgniter\Debug\Exceptions->errorHandler(2, 'Illegal string ...', 'C:\\xampp\\htdocs...', 8, Array)
#1 C:\xampp\htdocs\Galeri-foto\system\View\View.php(210): include('C:\\xampp\\htdocs...')
#2 C:\xampp\htdocs\Galeri-foto\system\View\View.php(213): CodeIgniter\View\View->CodeIgniter\View\{closure}()
#3 C:\xampp\htdocs\Galeri-foto\system\Common.php(1089): CodeIgniter\View\View->render('photofolio/albu...', Array, true)
#4 C:\xampp\htdocs\Galeri-foto\app\Controllers\Album.php(42): view('photofolio/albu...', Array)
#5 C:\xampp\htdocs\Galeri-foto\system\CodeIgniter.php(832): App\Controllers\Album->detail_album('4')
#6 C:\xampp\htdocs\Galeri-foto\system\CodeIgniter.php(419): CodeIgniter\CodeIgniter->runController(Object(App\Controllers\Album))
#7 C:\xampp\htdocs\Galeri-foto\system\CodeIgniter.php(326): CodeIgniter\CodeIgniter->handleRequest(NULL, Object(Config\Cache), false)
#8 C:\xampp\htdocs\Galeri-foto\public\index.php(37): CodeIgniter\CodeIgniter->run()
#9 C:\xampp\htdocs\Galeri-foto\system\Commands\Server\rewrite.php(43): require_once('C:\\xampp\\htdocs...')
#10 {main}
CRITICAL - 2024-01-23 19:20:53 --> Illegal string offset 'nama_album'
#0 C:\xampp\htdocs\Galeri-foto\app\Views\photofolio\album\detail.php(8): CodeIgniter\Debug\Exceptions->errorHandler(2, 'Illegal string ...', 'C:\\xampp\\htdocs...', 8, Array)
#1 C:\xampp\htdocs\Galeri-foto\system\View\View.php(210): include('C:\\xampp\\htdocs...')
#2 C:\xampp\htdocs\Galeri-foto\system\View\View.php(213): CodeIgniter\View\View->CodeIgniter\View\{closure}()
#3 C:\xampp\htdocs\Galeri-foto\system\Common.php(1089): CodeIgniter\View\View->render('photofolio/albu...', Array, true)
#4 C:\xampp\htdocs\Galeri-foto\app\Controllers\Album.php(42): view('photofolio/albu...', Array)
#5 C:\xampp\htdocs\Galeri-foto\system\CodeIgniter.php(832): App\Controllers\Album->detail_album('4')
#6 C:\xampp\htdocs\Galeri-foto\system\CodeIgniter.php(419): CodeIgniter\CodeIgniter->runController(Object(App\Controllers\Album))
#7 C:\xampp\htdocs\Galeri-foto\system\CodeIgniter.php(326): CodeIgniter\CodeIgniter->handleRequest(NULL, Object(Config\Cache), false)
#8 C:\xampp\htdocs\Galeri-foto\public\index.php(37): CodeIgniter\CodeIgniter->run()
#9 C:\xampp\htdocs\Galeri-foto\system\Commands\Server\rewrite.php(43): require_once('C:\\xampp\\htdocs...')
#10 {main}
CRITICAL - 2024-01-23 19:20:54 --> Illegal string offset 'nama_album'
#0 C:\xampp\htdocs\Galeri-foto\app\Views\photofolio\album\detail.php(8): CodeIgniter\Debug\Exceptions->errorHandler(2, 'Illegal string ...', 'C:\\xampp\\htdocs...', 8, Array)
#1 C:\xampp\htdocs\Galeri-foto\system\View\View.php(210): include('C:\\xampp\\htdocs...')
#2 C:\xampp\htdocs\Galeri-foto\system\View\View.php(213): CodeIgniter\View\View->CodeIgniter\View\{closure}()
#3 C:\xampp\htdocs\Galeri-foto\system\Common.php(1089): CodeIgniter\View\View->render('photofolio/albu...', Array, true)
#4 C:\xampp\htdocs\Galeri-foto\app\Controllers\Album.php(42): view('photofolio/albu...', Array)
#5 C:\xampp\htdocs\Galeri-foto\system\CodeIgniter.php(832): App\Controllers\Album->detail_album('4')
#6 C:\xampp\htdocs\Galeri-foto\system\CodeIgniter.php(419): CodeIgniter\CodeIgniter->runController(Object(App\Controllers\Album))
#7 C:\xampp\htdocs\Galeri-foto\system\CodeIgniter.php(326): CodeIgniter\CodeIgniter->handleRequest(NULL, Object(Config\Cache), false)
#8 C:\xampp\htdocs\Galeri-foto\public\index.php(37): CodeIgniter\CodeIgniter->run()
#9 C:\xampp\htdocs\Galeri-foto\system\Commands\Server\rewrite.php(43): require_once('C:\\xampp\\htdocs...')
#10 {main}
CRITICAL - 2024-01-23 19:20:54 --> Illegal string offset 'nama_album'
#0 C:\xampp\htdocs\Galeri-foto\app\Views\photofolio\album\detail.php(8): CodeIgniter\Debug\Exceptions->errorHandler(2, 'Illegal string ...', 'C:\\xampp\\htdocs...', 8, Array)
#1 C:\xampp\htdocs\Galeri-foto\system\View\View.php(210): include('C:\\xampp\\htdocs...')
#2 C:\xampp\htdocs\Galeri-foto\system\View\View.php(213): CodeIgniter\View\View->CodeIgniter\View\{closure}()
#3 C:\xampp\htdocs\Galeri-foto\system\Common.php(1089): CodeIgniter\View\View->render('photofolio/albu...', Array, true)
#4 C:\xampp\htdocs\Galeri-foto\app\Controllers\Album.php(42): view('photofolio/albu...', Array)
#5 C:\xampp\htdocs\Galeri-foto\system\CodeIgniter.php(832): App\Controllers\Album->detail_album('4')
#6 C:\xampp\htdocs\Galeri-foto\system\CodeIgniter.php(419): CodeIgniter\CodeIgniter->runController(Object(App\Controllers\Album))
#7 C:\xampp\htdocs\Galeri-foto\system\CodeIgniter.php(326): CodeIgniter\CodeIgniter->handleRequest(NULL, Object(Config\Cache), false)
#8 C:\xampp\htdocs\Galeri-foto\public\index.php(37): CodeIgniter\CodeIgniter->run()
#9 C:\xampp\htdocs\Galeri-foto\system\Commands\Server\rewrite.php(43): require_once('C:\\xampp\\htdocs...')
#10 {main}
CRITICAL - 2024-01-23 19:20:54 --> Illegal string offset 'nama_album'
#0 C:\xampp\htdocs\Galeri-foto\app\Views\photofolio\album\detail.php(8): CodeIgniter\Debug\Exceptions->errorHandler(2, 'Illegal string ...', 'C:\\xampp\\htdocs...', 8, Array)
#1 C:\xampp\htdocs\Galeri-foto\system\View\View.php(210): include('C:\\xampp\\htdocs...')
#2 C:\xampp\htdocs\Galeri-foto\system\View\View.php(213): CodeIgniter\View\View->CodeIgniter\View\{closure}()
#3 C:\xampp\htdocs\Galeri-foto\system\Common.php(1089): CodeIgniter\View\View->render('photofolio/albu...', Array, true)
#4 C:\xampp\htdocs\Galeri-foto\app\Controllers\Album.php(42): view('photofolio/albu...', Array)
#5 C:\xampp\htdocs\Galeri-foto\system\CodeIgniter.php(832): App\Controllers\Album->detail_album('4')
#6 C:\xampp\htdocs\Galeri-foto\system\CodeIgniter.php(419): CodeIgniter\CodeIgniter->runController(Object(App\Controllers\Album))
#7 C:\xampp\htdocs\Galeri-foto\system\CodeIgniter.php(326): CodeIgniter\CodeIgniter->handleRequest(NULL, Object(Config\Cache), false)
#8 C:\xampp\htdocs\Galeri-foto\public\index.php(37): CodeIgniter\CodeIgniter->run()
#9 C:\xampp\htdocs\Galeri-foto\system\Commands\Server\rewrite.php(43): require_once('C:\\xampp\\htdocs...')
#10 {main}
CRITICAL - 2024-01-23 19:20:54 --> Illegal string offset 'nama_album'
#0 C:\xampp\htdocs\Galeri-foto\app\Views\photofolio\album\detail.php(8): CodeIgniter\Debug\Exceptions->errorHandler(2, 'Illegal string ...', 'C:\\xampp\\htdocs...', 8, Array)
#1 C:\xampp\htdocs\Galeri-foto\system\View\View.php(210): include('C:\\xampp\\htdocs...')
#2 C:\xampp\htdocs\Galeri-foto\system\View\View.php(213): CodeIgniter\View\View->CodeIgniter\View\{closure}()
#3 C:\xampp\htdocs\Galeri-foto\system\Common.php(1089): CodeIgniter\View\View->render('photofolio/albu...', Array, true)
#4 C:\xampp\htdocs\Galeri-foto\app\Controllers\Album.php(42): view('photofolio/albu...', Array)
#5 C:\xampp\htdocs\Galeri-foto\system\CodeIgniter.php(832): App\Controllers\Album->detail_album('4')
#6 C:\xampp\htdocs\Galeri-foto\system\CodeIgniter.php(419): CodeIgniter\CodeIgniter->runController(Object(App\Controllers\Album))
#7 C:\xampp\htdocs\Galeri-foto\system\CodeIgniter.php(326): CodeIgniter\CodeIgniter->handleRequest(NULL, Object(Config\Cache), false)
#8 C:\xampp\htdocs\Galeri-foto\public\index.php(37): CodeIgniter\CodeIgniter->run()
#9 C:\xampp\htdocs\Galeri-foto\system\Commands\Server\rewrite.php(43): require_once('C:\\xampp\\htdocs...')
#10 {main}
CRITICAL - 2024-01-23 19:20:54 --> Illegal string offset 'nama_album'
#0 C:\xampp\htdocs\Galeri-foto\app\Views\photofolio\album\detail.php(8): CodeIgniter\Debug\Exceptions->errorHandler(2, 'Illegal string ...', 'C:\\xampp\\htdocs...', 8, Array)
#1 C:\xampp\htdocs\Galeri-foto\system\View\View.php(210): include('C:\\xampp\\htdocs...')
#2 C:\xampp\htdocs\Galeri-foto\system\View\View.php(213): CodeIgniter\View\View->CodeIgniter\View\{closure}()
#3 C:\xampp\htdocs\Galeri-foto\system\Common.php(1089): CodeIgniter\View\View->render('photofolio/albu...', Array, true)
#4 C:\xampp\htdocs\Galeri-foto\app\Controllers\Album.php(42): view('photofolio/albu...', Array)
#5 C:\xampp\htdocs\Galeri-foto\system\CodeIgniter.php(832): App\Controllers\Album->detail_album('4')
#6 C:\xampp\htdocs\Galeri-foto\system\CodeIgniter.php(419): CodeIgniter\CodeIgniter->runController(Object(App\Controllers\Album))
#7 C:\xampp\htdocs\Galeri-foto\system\CodeIgniter.php(326): CodeIgniter\CodeIgniter->handleRequest(NULL, Object(Config\Cache), false)
#8 C:\xampp\htdocs\Galeri-foto\public\index.php(37): CodeIgniter\CodeIgniter->run()
#9 C:\xampp\htdocs\Galeri-foto\system\Commands\Server\rewrite.php(43): require_once('C:\\xampp\\htdocs...')
#10 {main}
CRITICAL - 2024-01-23 19:20:55 --> Illegal string offset 'nama_album'
#0 C:\xampp\htdocs\Galeri-foto\app\Views\photofolio\album\detail.php(8): CodeIgniter\Debug\Exceptions->errorHandler(2, 'Illegal string ...', 'C:\\xampp\\htdocs...', 8, Array)
#1 C:\xampp\htdocs\Galeri-foto\system\View\View.php(210): include('C:\\xampp\\htdocs...')
#2 C:\xampp\htdocs\Galeri-foto\system\View\View.php(213): CodeIgniter\View\View->CodeIgniter\View\{closure}()
#3 C:\xampp\htdocs\Galeri-foto\system\Common.php(1089): CodeIgniter\View\View->render('photofolio/albu...', Array, true)
#4 C:\xampp\htdocs\Galeri-foto\app\Controllers\Album.php(42): view('photofolio/albu...', Array)
#5 C:\xampp\htdocs\Galeri-foto\system\CodeIgniter.php(832): App\Controllers\Album->detail_album('4')
#6 C:\xampp\htdocs\Galeri-foto\system\CodeIgniter.php(419): CodeIgniter\CodeIgniter->runController(Object(App\Controllers\Album))
#7 C:\xampp\htdocs\Galeri-foto\system\CodeIgniter.php(326): CodeIgniter\CodeIgniter->handleRequest(NULL, Object(Config\Cache), false)
#8 C:\xampp\htdocs\Galeri-foto\public\index.php(37): CodeIgniter\CodeIgniter->run()
#9 C:\xampp\htdocs\Galeri-foto\system\Commands\Server\rewrite.php(43): require_once('C:\\xampp\\htdocs...')
#10 {main}
CRITICAL - 2024-01-23 19:20:55 --> Illegal string offset 'nama_album'
#0 C:\xampp\htdocs\Galeri-foto\app\Views\photofolio\album\detail.php(8): CodeIgniter\Debug\Exceptions->errorHandler(2, 'Illegal string ...', 'C:\\xampp\\htdocs...', 8, Array)
#1 C:\xampp\htdocs\Galeri-foto\system\View\View.php(210): include('C:\\xampp\\htdocs...')
#2 C:\xampp\htdocs\Galeri-foto\system\View\View.php(213): CodeIgniter\View\View->CodeIgniter\View\{closure}()
#3 C:\xampp\htdocs\Galeri-foto\system\Common.php(1089): CodeIgniter\View\View->render('photofolio/albu...', Array, true)
#4 C:\xampp\htdocs\Galeri-foto\app\Controllers\Album.php(42): view('photofolio/albu...', Array)
#5 C:\xampp\htdocs\Galeri-foto\system\CodeIgniter.php(832): App\Controllers\Album->detail_album('4')
#6 C:\xampp\htdocs\Galeri-foto\system\CodeIgniter.php(419): CodeIgniter\CodeIgniter->runController(Object(App\Controllers\Album))
#7 C:\xampp\htdocs\Galeri-foto\system\CodeIgniter.php(326): CodeIgniter\CodeIgniter->handleRequest(NULL, Object(Config\Cache), false)
#8 C:\xampp\htdocs\Galeri-foto\public\index.php(37): CodeIgniter\CodeIgniter->run()
#9 C:\xampp\htdocs\Galeri-foto\system\Commands\Server\rewrite.php(43): require_once('C:\\xampp\\htdocs...')
#10 {main}
CRITICAL - 2024-01-23 19:20:55 --> Illegal string offset 'nama_album'
#0 C:\xampp\htdocs\Galeri-foto\app\Views\photofolio\album\detail.php(8): CodeIgniter\Debug\Exceptions->errorHandler(2, 'Illegal string ...', 'C:\\xampp\\htdocs...', 8, Array)
#1 C:\xampp\htdocs\Galeri-foto\system\View\View.php(210): include('C:\\xampp\\htdocs...')
#2 C:\xampp\htdocs\Galeri-foto\system\View\View.php(213): CodeIgniter\View\View->CodeIgniter\View\{closure}()
#3 C:\xampp\htdocs\Galeri-foto\system\Common.php(1089): CodeIgniter\View\View->render('photofolio/albu...', Array, true)
#4 C:\xampp\htdocs\Galeri-foto\app\Controllers\Album.php(42): view('photofolio/albu...', Array)
#5 C:\xampp\htdocs\Galeri-foto\system\CodeIgniter.php(832): App\Controllers\Album->detail_album('4')
#6 C:\xampp\htdocs\Galeri-foto\system\CodeIgniter.php(419): CodeIgniter\CodeIgniter->runController(Object(App\Controllers\Album))
#7 C:\xampp\htdocs\Galeri-foto\system\CodeIgniter.php(326): CodeIgniter\CodeIgniter->handleRequest(NULL, Object(Config\Cache), false)
#8 C:\xampp\htdocs\Galeri-foto\public\index.php(37): CodeIgniter\CodeIgniter->run()
#9 C:\xampp\htdocs\Galeri-foto\system\Commands\Server\rewrite.php(43): require_once('C:\\xampp\\htdocs...')
#10 {main}
CRITICAL - 2024-01-23 19:22:50 --> Call to a member function getRowArray() on array
#0 C:\xampp\htdocs\Galeri-foto\app\Controllers\Album.php(34): App\Models\M_album->getDetailAlbumById('4')
#1 C:\xampp\htdocs\Galeri-foto\system\CodeIgniter.php(832): App\Controllers\Album->detail_album('4')
#2 C:\xampp\htdocs\Galeri-foto\system\CodeIgniter.php(419): CodeIgniter\CodeIgniter->runController(Object(App\Controllers\Album))
#3 C:\xampp\htdocs\Galeri-foto\system\CodeIgniter.php(326): CodeIgniter\CodeIgniter->handleRequest(NULL, Object(Config\Cache), false)
#4 C:\xampp\htdocs\Galeri-foto\public\index.php(37): CodeIgniter\CodeIgniter->run()
#5 C:\xampp\htdocs\Galeri-foto\system\Commands\Server\rewrite.php(43): require_once('C:\\xampp\\htdocs...')
#6 {main}
CRITICAL - 2024-01-23 19:23:08 --> Call to a member function getRowArray() on array
#0 C:\xampp\htdocs\Galeri-foto\app\Controllers\Album.php(34): App\Models\M_album->getDetailAlbumById('4')
#1 C:\xampp\htdocs\Galeri-foto\system\CodeIgniter.php(832): App\Controllers\Album->detail_album('4')
#2 C:\xampp\htdocs\Galeri-foto\system\CodeIgniter.php(419): CodeIgniter\CodeIgniter->runController(Object(App\Controllers\Album))
#3 C:\xampp\htdocs\Galeri-foto\system\CodeIgniter.php(326): CodeIgniter\CodeIgniter->handleRequest(NULL, Object(Config\Cache), false)
#4 C:\xampp\htdocs\Galeri-foto\public\index.php(37): CodeIgniter\CodeIgniter->run()
#5 C:\xampp\htdocs\Galeri-foto\system\Commands\Server\rewrite.php(43): require_once('C:\\xampp\\htdocs...')
#6 {main}
CRITICAL - 2024-01-23 19:43:15 --> Call to a member function segment() on null
#0 C:\xampp\htdocs\Galeri-foto\system\View\View.php(210): include()
#1 C:\xampp\htdocs\Galeri-foto\system\View\View.php(213): CodeIgniter\View\View->CodeIgniter\View\{closure}()
#2 C:\xampp\htdocs\Galeri-foto\system\Common.php(1089): CodeIgniter\View\View->render('photofolio/albu...', Array, true)
#3 C:\xampp\htdocs\Galeri-foto\app\Controllers\Album.php(46): view('photofolio/albu...', Array)
#4 C:\xampp\htdocs\Galeri-foto\system\CodeIgniter.php(832): App\Controllers\Album->detail_album('4')
#5 C:\xampp\htdocs\Galeri-foto\system\CodeIgniter.php(419): CodeIgniter\CodeIgniter->runController(Object(App\Controllers\Album))
#6 C:\xampp\htdocs\Galeri-foto\system\CodeIgniter.php(326): CodeIgniter\CodeIgniter->handleRequest(NULL, Object(Config\Cache), false)
#7 C:\xampp\htdocs\Galeri-foto\public\index.php(37): CodeIgniter\CodeIgniter->run()
#8 C:\xampp\htdocs\Galeri-foto\system\Commands\Server\rewrite.php(43): require_once('C:\\xampp\\htdocs...')
#9 {main}
CRITICAL - 2024-01-23 19:43:25 --> Call to a member function segment() on null
#0 C:\xampp\htdocs\Galeri-foto\system\View\View.php(210): include()
#1 C:\xampp\htdocs\Galeri-foto\system\View\View.php(213): CodeIgniter\View\View->CodeIgniter\View\{closure}()
#2 C:\xampp\htdocs\Galeri-foto\system\Common.php(1089): CodeIgniter\View\View->render('photofolio/albu...', Array, true)
#3 C:\xampp\htdocs\Galeri-foto\app\Controllers\Album.php(46): view('photofolio/albu...', Array)
#4 C:\xampp\htdocs\Galeri-foto\system\CodeIgniter.php(832): App\Controllers\Album->detail_album('4')
#5 C:\xampp\htdocs\Galeri-foto\system\CodeIgniter.php(419): CodeIgniter\CodeIgniter->runController(Object(App\Controllers\Album))
#6 C:\xampp\htdocs\Galeri-foto\system\CodeIgniter.php(326): CodeIgniter\CodeIgniter->handleRequest(NULL, Object(Config\Cache), false)
#7 C:\xampp\htdocs\Galeri-foto\public\index.php(37): CodeIgniter\CodeIgniter->run()
#8 C:\xampp\htdocs\Galeri-foto\system\Commands\Server\rewrite.php(43): require_once('C:\\xampp\\htdocs...')
#9 {main}
CRITICAL - 2024-01-23 19:44:00 --> syntax error, unexpected '<', expecting end of file
#0 C:\xampp\htdocs\Galeri-foto\system\View\View.php(213): CodeIgniter\View\View->CodeIgniter\View\{closure}()
#1 C:\xampp\htdocs\Galeri-foto\system\Common.php(1089): CodeIgniter\View\View->render('photofolio/albu...', Array, true)
#2 C:\xampp\htdocs\Galeri-foto\app\Controllers\Album.php(46): view('photofolio/albu...', Array)
#3 C:\xampp\htdocs\Galeri-foto\system\CodeIgniter.php(832): App\Controllers\Album->detail_album('4')
#4 C:\xampp\htdocs\Galeri-foto\system\CodeIgniter.php(419): CodeIgniter\CodeIgniter->runController(Object(App\Controllers\Album))
#5 C:\xampp\htdocs\Galeri-foto\system\CodeIgniter.php(326): CodeIgniter\CodeIgniter->handleRequest(NULL, Object(Config\Cache), false)
#6 C:\xampp\htdocs\Galeri-foto\public\index.php(37): CodeIgniter\CodeIgniter->run()
#7 C:\xampp\htdocs\Galeri-foto\system\Commands\Server\rewrite.php(43): require_once('C:\\xampp\\htdocs...')
#8 {main}
CRITICAL - 2024-01-23 19:44:09 --> Call to a member function segment() on null
#0 C:\xampp\htdocs\Galeri-foto\system\View\View.php(210): include()
#1 C:\xampp\htdocs\Galeri-foto\system\View\View.php(213): CodeIgniter\View\View->CodeIgniter\View\{closure}()
#2 C:\xampp\htdocs\Galeri-foto\system\Common.php(1089): CodeIgniter\View\View->render('photofolio/albu...', Array, true)
#3 C:\xampp\htdocs\Galeri-foto\app\Controllers\Album.php(46): view('photofolio/albu...', Array)
#4 C:\xampp\htdocs\Galeri-foto\system\CodeIgniter.php(832): App\Controllers\Album->detail_album('4')
#5 C:\xampp\htdocs\Galeri-foto\system\CodeIgniter.php(419): CodeIgniter\CodeIgniter->runController(Object(App\Controllers\Album))
#6 C:\xampp\htdocs\Galeri-foto\system\CodeIgniter.php(326): CodeIgniter\CodeIgniter->handleRequest(NULL, Object(Config\Cache), false)
#7 C:\xampp\htdocs\Galeri-foto\public\index.php(37): CodeIgniter\CodeIgniter->run()
#8 C:\xampp\htdocs\Galeri-foto\system\Commands\Server\rewrite.php(43): require_once('C:\\xampp\\htdocs...')
#9 {main}
CRITICAL - 2024-01-23 19:44:59 --> Call to undefined method CodeIgniter\HTTP\URI::segment()
#0 C:\xampp\htdocs\Galeri-foto\system\View\View.php(210): include()
#1 C:\xampp\htdocs\Galeri-foto\system\View\View.php(213): CodeIgniter\View\View->CodeIgniter\View\{closure}()
#2 C:\xampp\htdocs\Galeri-foto\system\Common.php(1089): CodeIgniter\View\View->render('photofolio/albu...', Array, true)
#3 C:\xampp\htdocs\Galeri-foto\app\Controllers\Album.php(46): view('photofolio/albu...', Array)
#4 C:\xampp\htdocs\Galeri-foto\system\CodeIgniter.php(832): App\Controllers\Album->detail_album('4')
#5 C:\xampp\htdocs\Galeri-foto\system\CodeIgniter.php(419): CodeIgniter\CodeIgniter->runController(Object(App\Controllers\Album))
#6 C:\xampp\htdocs\Galeri-foto\system\CodeIgniter.php(326): CodeIgniter\CodeIgniter->handleRequest(NULL, Object(Config\Cache), false)
#7 C:\xampp\htdocs\Galeri-foto\public\index.php(37): CodeIgniter\CodeIgniter->run()
#8 C:\xampp\htdocs\Galeri-foto\system\Commands\Server\rewrite.php(43): require_once('C:\\xampp\\htdocs...')
#9 {main}
ERROR - 2024-01-23 21:20:39 --> Column 'nama_gambar' cannot be null
CRITICAL - 2024-01-23 21:22:21 --> Could not move file php7F03.tmp to images/ ()
#0 C:\xampp\htdocs\Galeri-foto\system\HTTP\Files\UploadedFile.php(149): CodeIgniter\HTTP\Exceptions\HTTPException::forMoveFailed('php7F03.tmp', 'images/', '')
#1 C:\xampp\htdocs\Galeri-foto\app\Controllers\Album.php(163): CodeIgniter\HTTP\Files\UploadedFile->move('images/', 'gambar_1_170601...')
#2 C:\xampp\htdocs\Galeri-foto\system\CodeIgniter.php(832): App\Controllers\Album->aksi_tambah_gambar()
#3 C:\xampp\htdocs\Galeri-foto\system\CodeIgniter.php(419): CodeIgniter\CodeIgniter->runController(Object(App\Controllers\Album))
#4 C:\xampp\htdocs\Galeri-foto\system\CodeIgniter.php(326): CodeIgniter\CodeIgniter->handleRequest(NULL, Object(Config\Cache), false)
#5 C:\xampp\htdocs\Galeri-foto\public\index.php(37): CodeIgniter\CodeIgniter->run()
#6 C:\xampp\htdocs\Galeri-foto\system\Commands\Server\rewrite.php(43): require_once('C:\\xampp\\htdocs...')
#7 {main}
CRITICAL - 2024-01-23 21:26:51 --> syntax error, unexpected 'else' (T_ELSE), expecting function (T_FUNCTION) or const (T_CONST)
#0 C:\xampp\htdocs\Galeri-foto\system\Router\Router.php(175): CodeIgniter\Router\Router->autoRoute('album/detail_al...')
#1 C:\xampp\htdocs\Galeri-foto\system\CodeIgniter.php(726): CodeIgniter\Router\Router->handle('album/detail_al...')
#2 C:\xampp\htdocs\Galeri-foto\system\CodeIgniter.php(368): CodeIgniter\CodeIgniter->tryToRouteIt(Object(CodeIgniter\Router\RouteCollection))
#3 C:\xampp\htdocs\Galeri-foto\system\CodeIgniter.php(326): CodeIgniter\CodeIgniter->handleRequest(NULL, Object(Config\Cache), false)
#4 C:\xampp\htdocs\Galeri-foto\public\index.php(37): CodeIgniter\CodeIgniter->run()
#5 C:\xampp\htdocs\Galeri-foto\system\Commands\Server\rewrite.php(43): require_once('C:\\xampp\\htdocs...')
#6 {main}
CRITICAL - 2024-01-23 22:18:07 --> Call to a member function getSegment() on null
#0 C:\xampp\htdocs\Galeri-foto\system\View\View.php(210): include()
#1 C:\xampp\htdocs\Galeri-foto\system\View\View.php(213): CodeIgniter\View\View->CodeIgniter\View\{closure}()
#2 C:\xampp\htdocs\Galeri-foto\system\Common.php(1089): CodeIgniter\View\View->render('photofolio/part...', Array, true)
#3 C:\xampp\htdocs\Galeri-foto\app\Controllers\Dashboard.php(12): view('photofolio/part...')
#4 C:\xampp\htdocs\Galeri-foto\system\CodeIgniter.php(832): App\Controllers\Dashboard->index()
#5 C:\xampp\htdocs\Galeri-foto\system\CodeIgniter.php(419): CodeIgniter\CodeIgniter->runController(Object(App\Controllers\Dashboard))
#6 C:\xampp\htdocs\Galeri-foto\system\CodeIgniter.php(326): CodeIgniter\CodeIgniter->handleRequest(NULL, Object(Config\Cache), false)
#7 C:\xampp\htdocs\Galeri-foto\public\index.php(37): CodeIgniter\CodeIgniter->run()
#8 C:\xampp\htdocs\Galeri-foto\system\Commands\Server\rewrite.php(43): require_once('C:\\xampp\\htdocs...')
#9 {main}
ERROR - 2024-01-23 22:23:27 --> Unknown column 'album_gambar' in 'where clause'
CRITICAL - 2024-01-23 22:23:27 --> Call to a member function getResult() on bool
#0 C:\xampp\htdocs\Galeri-foto\app\Controllers\Album.php(42): App\Models\M_album->getGambarByAlbumId('4')
#1 C:\xampp\htdocs\Galeri-foto\system\CodeIgniter.php(832): App\Controllers\Album->detail_album('4')
#2 C:\xampp\htdocs\Galeri-foto\system\CodeIgniter.php(419): CodeIgniter\CodeIgniter->runController(Object(App\Controllers\Album))
#3 C:\xampp\htdocs\Galeri-foto\system\CodeIgniter.php(326): CodeIgniter\CodeIgniter->handleRequest(NULL, Object(Config\Cache), false)
#4 C:\xampp\htdocs\Galeri-foto\public\index.php(37): CodeIgniter\CodeIgniter->run()
#5 C:\xampp\htdocs\Galeri-foto\system\Commands\Server\rewrite.php(43): require_once('C:\\xampp\\htdocs...')
#6 {main}
ERROR - 2024-01-23 22:23:48 --> Unknown column 'album_gambar' in 'where clause'
CRITICAL - 2024-01-23 22:23:48 --> Call to a member function getResult() on bool
#0 C:\xampp\htdocs\Galeri-foto\app\Controllers\Album.php(42): App\Models\M_album->getGambarByAlbumId('4')
#1 C:\xampp\htdocs\Galeri-foto\system\CodeIgniter.php(832): App\Controllers\Album->detail_album('4')
#2 C:\xampp\htdocs\Galeri-foto\system\CodeIgniter.php(419): CodeIgniter\CodeIgniter->runController(Object(App\Controllers\Album))
#3 C:\xampp\htdocs\Galeri-foto\system\CodeIgniter.php(326): CodeIgniter\CodeIgniter->handleRequest(NULL, Object(Config\Cache), false)
#4 C:\xampp\htdocs\Galeri-foto\public\index.php(37): CodeIgniter\CodeIgniter->run()
#5 C:\xampp\htdocs\Galeri-foto\system\Commands\Server\rewrite.php(43): require_once('C:\\xampp\\htdocs...')
#6 {main}
CRITICAL - 2024-01-23 22:42:33 --> Call to a member function getSegment() on null
#0 C:\xampp\htdocs\Galeri-foto\system\View\View.php(210): include()
#1 C:\xampp\htdocs\Galeri-foto\system\View\View.php(213): CodeIgniter\View\View->CodeIgniter\View\{closure}()
#2 C:\xampp\htdocs\Galeri-foto\system\Common.php(1089): CodeIgniter\View\View->render('photofolio/gale...', Array, true)
#3 C:\xampp\htdocs\Galeri-foto\app\Controllers\Galeri.php(38): view('photofolio/gale...', Array)
#4 C:\xampp\htdocs\Galeri-foto\system\CodeIgniter.php(832): App\Controllers\Galeri->detail_gambar('12')
#5 C:\xampp\htdocs\Galeri-foto\system\CodeIgniter.php(419): CodeIgniter\CodeIgniter->runController(Object(App\Controllers\Galeri))
#6 C:\xampp\htdocs\Galeri-foto\system\CodeIgniter.php(326): CodeIgniter\CodeIgniter->handleRequest(NULL, Object(Config\Cache), false)
#7 C:\xampp\htdocs\Galeri-foto\public\index.php(37): CodeIgniter\CodeIgniter->run()
#8 C:\xampp\htdocs\Galeri-foto\system\Commands\Server\rewrite.php(43): require_once('C:\\xampp\\htdocs...')
#9 {main}
CRITICAL - 2024-01-23 23:03:19 --> syntax error, unexpected 'endforeach' (T_ENDFOREACH), expecting end of file
#0 C:\xampp\htdocs\Galeri-foto\system\View\View.php(213): CodeIgniter\View\View->CodeIgniter\View\{closure}()
#1 C:\xampp\htdocs\Galeri-foto\system\Common.php(1089): CodeIgniter\View\View->render('photofolio/gale...', Array, true)
#2 C:\xampp\htdocs\Galeri-foto\app\Controllers\Galeri.php(35): view('photofolio/gale...', Array)
#3 C:\xampp\htdocs\Galeri-foto\system\CodeIgniter.php(832): App\Controllers\Galeri->detail_gambar('12')
#4 C:\xampp\htdocs\Galeri-foto\system\CodeIgniter.php(419): CodeIgniter\CodeIgniter->runController(Object(App\Controllers\Galeri))
#5 C:\xampp\htdocs\Galeri-foto\system\CodeIgniter.php(326): CodeIgniter\CodeIgniter->handleRequest(NULL, Object(Config\Cache), false)
#6 C:\xampp\htdocs\Galeri-foto\public\index.php(37): CodeIgniter\CodeIgniter->run()
#7 C:\xampp\htdocs\Galeri-foto\system\Commands\Server\rewrite.php(43): require_once('C:\\xampp\\htdocs...')
#8 {main}
CRITICAL - 2024-01-23 23:21:30 --> Call to a member function isLiked() on null
#0 C:\xampp\htdocs\Galeri-foto\system\View\View.php(210): include()
#1 C:\xampp\htdocs\Galeri-foto\system\View\View.php(213): CodeIgniter\View\View->CodeIgniter\View\{closure}()
#2 C:\xampp\htdocs\Galeri-foto\system\Common.php(1089): CodeIgniter\View\View->render('photofolio/gale...', Array, true)
#3 C:\xampp\htdocs\Galeri-foto\app\Controllers\Galeri.php(37): view('photofolio/gale...', Array)
#4 C:\xampp\htdocs\Galeri-foto\system\CodeIgniter.php(832): App\Controllers\Galeri->detail_gambar('12')
#5 C:\xampp\htdocs\Galeri-foto\system\CodeIgniter.php(419): CodeIgniter\CodeIgniter->runController(Object(App\Controllers\Galeri))
#6 C:\xampp\htdocs\Galeri-foto\system\CodeIgniter.php(326): CodeIgniter\CodeIgniter->handleRequest(NULL, Object(Config\Cache), false)
#7 C:\xampp\htdocs\Galeri-foto\public\index.php(37): CodeIgniter\CodeIgniter->run()
#8 C:\xampp\htdocs\Galeri-foto\system\Commands\Server\rewrite.php(43): require_once('C:\\xampp\\htdocs...')
#9 {main}
ERROR - 2024-01-23 23:23:27 --> Table 'galeri_foto.likes' doesn't exist
ERROR - 2024-01-23 23:23:34 --> Table 'galeri_foto.likes' doesn't exist
ERROR - 2024-01-23 23:24:10 --> Unknown column 'id_gambar' in 'where clause'
CRITICAL - 2024-01-23 23:55:02 --> Call to undefined method App\Models\M_galeri::getLikeCount
#0 C:\xampp\htdocs\Galeri-foto\app\Controllers\Galeri.php(29): CodeIgniter\Model->__call('getLikeCount', Array)
#1 C:\xampp\htdocs\Galeri-foto\system\CodeIgniter.php(832): App\Controllers\Galeri->detail_gambar('12')
#2 C:\xampp\htdocs\Galeri-foto\system\CodeIgniter.php(419): CodeIgniter\CodeIgniter->runController(Object(App\Controllers\Galeri))
#3 C:\xampp\htdocs\Galeri-foto\system\CodeIgniter.php(326): CodeIgniter\CodeIgniter->handleRequest(NULL, Object(Config\Cache), false)
#4 C:\xampp\htdocs\Galeri-foto\public\index.php(37): CodeIgniter\CodeIgniter->run()
#5 C:\xampp\htdocs\Galeri-foto\system\Commands\Server\rewrite.php(43): require_once('C:\\xampp\\htdocs...')
#6 {main}
