CRITICAL - 2024-01-22 08:33:17 --> syntax error, unexpected ''assets/css/main.css" rel="sty' (T_ENCAPSED_AND_WHITESPACE)
#0 C:\xampp\htdocs\Galeri-foto\system\View\View.php(213): CodeIgniter\View\View->CodeIgniter\View\{closure}()
#1 C:\xampp\htdocs\Galeri-foto\system\Common.php(1089): CodeIgniter\View\View->render('photofolio/part...', Array, true)
#2 C:\xampp\htdocs\Galeri-foto\app\Controllers\Dashboard.php(9): view('photofolio/part...')
#3 C:\xampp\htdocs\Galeri-foto\system\CodeIgniter.php(832): App\Controllers\Dashboard->index()
#4 C:\xampp\htdocs\Galeri-foto\system\CodeIgniter.php(419): CodeIgniter\CodeIgniter->runController(Object(App\Controllers\Dashboard))
#5 C:\xampp\htdocs\Galeri-foto\system\CodeIgniter.php(326): CodeIgniter\CodeIgniter->handleRequest(NULL, Object(Config\Cache), false)
#6 C:\xampp\htdocs\Galeri-foto\public\index.php(37): CodeIgniter\CodeIgniter->run()
#7 C:\xampp\htdocs\Galeri-foto\system\Commands\Server\rewrite.php(43): require_once('C:\\xampp\\htdocs...')
#8 {main}
CRITICAL - 2024-01-22 08:33:26 --> syntax error, unexpected ''assets/css/main.css" rel="sty' (T_ENCAPSED_AND_WHITESPACE)
#0 C:\xampp\htdocs\Galeri-foto\system\View\View.php(213): CodeIgniter\View\View->CodeIgniter\View\{closure}()
#1 C:\xampp\htdocs\Galeri-foto\system\Common.php(1089): CodeIgniter\View\View->render('photofolio/part...', Array, true)
#2 C:\xampp\htdocs\Galeri-foto\app\Controllers\Dashboard.php(9): view('photofolio/part...')
#3 C:\xampp\htdocs\Galeri-foto\system\CodeIgniter.php(832): App\Controllers\Dashboard->index()
#4 C:\xampp\htdocs\Galeri-foto\system\CodeIgniter.php(419): CodeIgniter\CodeIgniter->runController(Object(App\Controllers\Dashboard))
#5 C:\xampp\htdocs\Galeri-foto\system\CodeIgniter.php(326): CodeIgniter\CodeIgniter->handleRequest(NULL, Object(Config\Cache), false)
#6 C:\xampp\htdocs\Galeri-foto\public\index.php(37): CodeIgniter\CodeIgniter->run()
#7 C:\xampp\htdocs\Galeri-foto\system\Commands\Server\rewrite.php(43): require_once('C:\\xampp\\htdocs...')
#8 {main}
CRITICAL - 2024-01-22 08:53:28 --> syntax error, unexpected 'echo' (T_ECHO)
#0 C:\xampp\htdocs\Galeri-foto\system\Autoloader\Autoloader.php(241): CodeIgniter\Autoloader\Autoloader->includeFile('C:\\xampp\\htdocs...')
#1 C:\xampp\htdocs\Galeri-foto\system\Autoloader\Autoloader.php(219): CodeIgniter\Autoloader\Autoloader->loadInNamespace('App\\Controllers...')
#2 [internal function]: CodeIgniter\Autoloader\Autoloader->loadClass('App\\Controllers...')
#3 [internal function]: spl_autoload_call('App\\Controllers...')
#4 C:\xampp\htdocs\Galeri-foto\system\CodeIgniter.php(797): class_exists('\\App\\Controller...', true)
#5 C:\xampp\htdocs\Galeri-foto\system\CodeIgniter.php(406): CodeIgniter\CodeIgniter->startController()
#6 C:\xampp\htdocs\Galeri-foto\system\CodeIgniter.php(326): CodeIgniter\CodeIgniter->handleRequest(NULL, Object(Config\Cache), false)
#7 C:\xampp\htdocs\Galeri-foto\public\index.php(37): CodeIgniter\CodeIgniter->run()
#8 C:\xampp\htdocs\Galeri-foto\system\Commands\Server\rewrite.php(43): require_once('C:\\xampp\\htdocs...')
#9 {main}
CRITICAL - 2024-01-22 08:53:46 --> Argument 2 passed to view() must be of the type array, string given, called in C:\xampp\htdocs\Galeri-foto\app\Controllers\Dashboard.php on line 12
#0 C:\xampp\htdocs\Galeri-foto\app\Controllers\Dashboard.php(12): view('photofolio/dash...', 'Galeri Foto - D...')
#1 C:\xampp\htdocs\Galeri-foto\system\CodeIgniter.php(832): App\Controllers\Dashboard->index()
#2 C:\xampp\htdocs\Galeri-foto\system\CodeIgniter.php(419): CodeIgniter\CodeIgniter->runController(Object(App\Controllers\Dashboard))
#3 C:\xampp\htdocs\Galeri-foto\system\CodeIgniter.php(326): CodeIgniter\CodeIgniter->handleRequest(NULL, Object(Config\Cache), false)
#4 C:\xampp\htdocs\Galeri-foto\public\index.php(37): CodeIgniter\CodeIgniter->run()
#5 C:\xampp\htdocs\Galeri-foto\system\Commands\Server\rewrite.php(43): require_once('C:\\xampp\\htdocs...')
#6 {main}
CRITICAL - 2024-01-22 09:02:42 --> syntax error, unexpected 'login' (T_STRING), expecting ')'
#0 C:\xampp\htdocs\Galeri-foto\system\View\View.php(213): CodeIgniter\View\View->CodeIgniter\View\{closure}()
#1 C:\xampp\htdocs\Galeri-foto\system\Common.php(1089): CodeIgniter\View\View->render('photofolio/dash...', Array, true)
#2 C:\xampp\htdocs\Galeri-foto\app\Controllers\Dashboard.php(12): view('photofolio/dash...')
#3 C:\xampp\htdocs\Galeri-foto\system\CodeIgniter.php(832): App\Controllers\Dashboard->index()
#4 C:\xampp\htdocs\Galeri-foto\system\CodeIgniter.php(419): CodeIgniter\CodeIgniter->runController(Object(App\Controllers\Dashboard))
#5 C:\xampp\htdocs\Galeri-foto\system\CodeIgniter.php(326): CodeIgniter\CodeIgniter->handleRequest(NULL, Object(Config\Cache), false)
#6 C:\xampp\htdocs\Galeri-foto\public\index.php(37): CodeIgniter\CodeIgniter->run()
#7 C:\xampp\htdocs\Galeri-foto\system\Commands\Server\rewrite.php(43): require_once('C:\\xampp\\htdocs...')
#8 {main}
CRITICAL - 2024-01-22 23:11:45 --> Invalid file: photofolio/gallery/view.php
#0 C:\xampp\htdocs\Galeri-foto\system\View\View.php(198): CodeIgniter\Exceptions\FrameworkException::forInvalidFile('photofolio/gall...')
#1 C:\xampp\htdocs\Galeri-foto\system\Common.php(1089): CodeIgniter\View\View->render('photofolio/gall...', Array, true)
#2 C:\xampp\htdocs\Galeri-foto\app\Controllers\Galeri.php(13): view('photofolio/gall...')
#3 C:\xampp\htdocs\Galeri-foto\system\CodeIgniter.php(832): App\Controllers\Galeri->index()
#4 C:\xampp\htdocs\Galeri-foto\system\CodeIgniter.php(419): CodeIgniter\CodeIgniter->runController(Object(App\Controllers\Galeri))
#5 C:\xampp\htdocs\Galeri-foto\system\CodeIgniter.php(326): CodeIgniter\CodeIgniter->handleRequest(NULL, Object(Config\Cache), false)
#6 C:\xampp\htdocs\Galeri-foto\public\index.php(37): CodeIgniter\CodeIgniter->run()
#7 C:\xampp\htdocs\Galeri-foto\system\Commands\Server\rewrite.php(43): require_once('C:\\xampp\\htdocs...')
#8 {main}
CRITICAL - 2024-01-22 23:13:30 --> Invalid file: photofolio/gallery/view.php
#0 C:\xampp\htdocs\Galeri-foto\system\View\View.php(198): CodeIgniter\Exceptions\FrameworkException::forInvalidFile('photofolio/gall...')
#1 C:\xampp\htdocs\Galeri-foto\system\Common.php(1089): CodeIgniter\View\View->render('photofolio/gall...', Array, true)
#2 C:\xampp\htdocs\Galeri-foto\app\Controllers\Galeri.php(13): view('photofolio/gall...')
#3 C:\xampp\htdocs\Galeri-foto\system\CodeIgniter.php(832): App\Controllers\Galeri->index()
#4 C:\xampp\htdocs\Galeri-foto\system\CodeIgniter.php(419): CodeIgniter\CodeIgniter->runController(Object(App\Controllers\Galeri))
#5 C:\xampp\htdocs\Galeri-foto\system\CodeIgniter.php(326): CodeIgniter\CodeIgniter->handleRequest(NULL, Object(Config\Cache), false)
#6 C:\xampp\htdocs\Galeri-foto\public\index.php(37): CodeIgniter\CodeIgniter->run()
#7 C:\xampp\htdocs\Galeri-foto\system\Commands\Server\rewrite.php(43): require_once('C:\\xampp\\htdocs...')
#8 {main}
CRITICAL - 2024-01-22 23:13:31 --> Invalid file: photofolio/gallery/view.php
#0 C:\xampp\htdocs\Galeri-foto\system\View\View.php(198): CodeIgniter\Exceptions\FrameworkException::forInvalidFile('photofolio/gall...')
#1 C:\xampp\htdocs\Galeri-foto\system\Common.php(1089): CodeIgniter\View\View->render('photofolio/gall...', Array, true)
#2 C:\xampp\htdocs\Galeri-foto\app\Controllers\Galeri.php(13): view('photofolio/gall...')
#3 C:\xampp\htdocs\Galeri-foto\system\CodeIgniter.php(832): App\Controllers\Galeri->index()
#4 C:\xampp\htdocs\Galeri-foto\system\CodeIgniter.php(419): CodeIgniter\CodeIgniter->runController(Object(App\Controllers\Galeri))
#5 C:\xampp\htdocs\Galeri-foto\system\CodeIgniter.php(326): CodeIgniter\CodeIgniter->handleRequest(NULL, Object(Config\Cache), false)
#6 C:\xampp\htdocs\Galeri-foto\public\index.php(37): CodeIgniter\CodeIgniter->run()
#7 C:\xampp\htdocs\Galeri-foto\system\Commands\Server\rewrite.php(43): require_once('C:\\xampp\\htdocs...')
#8 {main}
CRITICAL - 2024-01-22 23:13:31 --> Invalid file: photofolio/gallery/view.php
#0 C:\xampp\htdocs\Galeri-foto\system\View\View.php(198): CodeIgniter\Exceptions\FrameworkException::forInvalidFile('photofolio/gall...')
#1 C:\xampp\htdocs\Galeri-foto\system\Common.php(1089): CodeIgniter\View\View->render('photofolio/gall...', Array, true)
#2 C:\xampp\htdocs\Galeri-foto\app\Controllers\Galeri.php(13): view('photofolio/gall...')
#3 C:\xampp\htdocs\Galeri-foto\system\CodeIgniter.php(832): App\Controllers\Galeri->index()
#4 C:\xampp\htdocs\Galeri-foto\system\CodeIgniter.php(419): CodeIgniter\CodeIgniter->runController(Object(App\Controllers\Galeri))
#5 C:\xampp\htdocs\Galeri-foto\system\CodeIgniter.php(326): CodeIgniter\CodeIgniter->handleRequest(NULL, Object(Config\Cache), false)
#6 C:\xampp\htdocs\Galeri-foto\public\index.php(37): CodeIgniter\CodeIgniter->run()
#7 C:\xampp\htdocs\Galeri-foto\system\Commands\Server\rewrite.php(43): require_once('C:\\xampp\\htdocs...')
#8 {main}
CRITICAL - 2024-01-22 23:13:32 --> Invalid file: photofolio/gallery/view.php
#0 C:\xampp\htdocs\Galeri-foto\system\View\View.php(198): CodeIgniter\Exceptions\FrameworkException::forInvalidFile('photofolio/gall...')
#1 C:\xampp\htdocs\Galeri-foto\system\Common.php(1089): CodeIgniter\View\View->render('photofolio/gall...', Array, true)
#2 C:\xampp\htdocs\Galeri-foto\app\Controllers\Galeri.php(13): view('photofolio/gall...')
#3 C:\xampp\htdocs\Galeri-foto\system\CodeIgniter.php(832): App\Controllers\Galeri->index()
#4 C:\xampp\htdocs\Galeri-foto\system\CodeIgniter.php(419): CodeIgniter\CodeIgniter->runController(Object(App\Controllers\Galeri))
#5 C:\xampp\htdocs\Galeri-foto\system\CodeIgniter.php(326): CodeIgniter\CodeIgniter->handleRequest(NULL, Object(Config\Cache), false)
#6 C:\xampp\htdocs\Galeri-foto\public\index.php(37): CodeIgniter\CodeIgniter->run()
#7 C:\xampp\htdocs\Galeri-foto\system\Commands\Server\rewrite.php(43): require_once('C:\\xampp\\htdocs...')
#8 {main}
